This is TeX, Version 3.14159 (Web2c 7.1) (format=latex 98.1.13)  10 MAR 2006 16:06
**./images.tex
(./images.tex
LaTeX2e <1997/06/01>

(/campus/text/tex/3.14159/common/texmf/tex/latex/base/article.cls
Document Class: article 1997/06/16 v1.3v Standard LaTeX document class
(/campus/text/tex/3.14159/common/texmf/tex/latex/base/size12.clo
File: size12.clo 1997/06/16 v1.3v Standard LaTeX file (size option)
)
\c@part=\count79
\c@section=\count80
\c@subsection=\count81
\c@subsubsection=\count82
\c@paragraph=\count83
\c@subparagraph=\count84
\c@figure=\count85
\c@table=\count86
\abovecaptionskip=\skip41
\belowcaptionskip=\skip42
\bibindent=\dimen102
) (/campus/text/tex/3.14159/common/texmf/tex/latex/graphics/color.sty
Package: color 1997/06/07 v1.0e Standard LaTeX Color (DPC)
(/campus/text/tex/3.14159/common/texmf/tex/latex/graphics/color.cfg)
Package color Info: Driver file: dvips.def on input line 129.
(/campus/text/tex/3.14159/common/texmf/tex/latex/graphics/dvips.def
File: dvips.def 1996/12/12 v3.0d Driver-dependant file (DPC,SPQR)
) (/campus/text/tex/3.14159/common/texmf/tex/latex/graphics/dvipsnam.def
File: dvipsnam.def 1996/12/12 v3.0d Driver-dependant file (DPC,SPQR)
))
\sizebox=\box26
\lthtmlwrite=\write3
(images.aux)
\openout1 = `images.aux'.

LaTeX Font Info:    Checking defaults for OML/cmm/m/it on input line 93.
LaTeX Font Info:    ... okay on input line 93.
LaTeX Font Info:    Checking defaults for T1/cmr/m/n on input line 93.
LaTeX Font Info:    ... okay on input line 93.
LaTeX Font Info:    Checking defaults for OT1/cmr/m/n on input line 93.
LaTeX Font Info:    ... okay on input line 93.
LaTeX Font Info:    Checking defaults for OMS/cmsy/m/n on input line 93.
LaTeX Font Info:    ... okay on input line 93.
LaTeX Font Info:    Checking defaults for OMX/cmex/m/n on input line 93.
LaTeX Font Info:    ... okay on input line 93.
LaTeX Font Info:    Checking defaults for U/cmr/m/n on input line 93.
LaTeX Font Info:    ... okay on input line 93.
latex2htmlLength hsize=349.0pt
latex2htmlLength vsize=722.7pt
latex2htmlLength hoffset=0.0pt
latex2htmlLength voffset=0.0pt
latex2htmlLength topmargin=0.0pt
latex2htmlLength topskip=0.00003pt
latex2htmlLength headheight=0.0pt
latex2htmlLength headsep=0.0pt
latex2htmlLength parskip=0.0pt plus 1.0pt
latex2htmlLength oddsidemargin=-36.135pt
latex2htmlLength evensidemargin=-36.135pt
LaTeX Font Info:    External font `cmex10' loaded for size
(Font)              <12> on input line 114.
LaTeX Font Info:    External font `cmex10' loaded for size
(Font)              <8> on input line 114.
LaTeX Font Info:    External font `cmex10' loaded for size
(Font)              <6> on input line 114.

Overfull \hbox (36.95387pt too wide) detected at line 125
[]
 []

l2hSize :displaymath13:102.4999pt::0.0pt::349.0pt.
[1


]
l2hSize :displaymath43:16.83331pt::0.0pt::349.0pt.
[2


]
l2hSize :displaymath48:16.83331pt::0.0pt::349.0pt.
[3


]
Overfull \hbox (13.674pt too wide) detected at line 154
[]
 []

l2hSize :displaymath54:59.75021pt::0.0pt::349.0pt.
[4


]
l2hSize :displaymath66:44.89995pt::0.0pt::349.0pt.
[5


]
l2hSize :tex2html_wrap_inline111:7.75pt::0.0pt::54.95801pt.
[6


]
l2hSize :tex2html_wrap_inline113:7.75pt::0.0pt::79.49954pt.
[7


]
l2hSize :tex2html_wrap_inline115:7.75pt::0.0pt::54.95801pt.
[8


]
l2hSize :tex2html_wrap_inline117:7.75pt::0.0pt::54.95801pt.
[9


] (images.aux) ) 
Here is how much of TeX's memory you used:
 516 strings out of 10991
 6450 string characters out of 74034
 51111 words of memory out of 263001
 3432 multiletter control sequences out of 10000+0
 6376 words of font info for 23 fonts, out of 100000 for 500
 14 hyphenation exceptions out of 1000
 22i,7n,21p,182b,215s stack positions out of 300i,100n,500p,10000b,4000s

Output written on images.dvi (9 pages, 4024 bytes).
