This is pdfeTeX, Version 3.141592-1.21a-2.2 (Web2C 7.5.4) (format=latex 2007.9.26)  5 MAR 2009 17:04
entering extended mode
**./images.tex
(./images.tex
LaTeX2e <2003/12/01>
Babel <v3.8d> and hyphenation patterns for american, french, german, ngerman, b
ahasa, basque, bulgarian, catalan, croatian, czech, danish, dutch, esperanto, e
stonian, finnish, greek, icelandic, irish, italian, latin, magyar, norsk, polis
h, portuges, romanian, russian, serbian, slovak, slovene, spanish, swedish, tur
kish, ukrainian, nohyphenation, loaded.

(/sw/share/texmf-dist/tex/latex/base/article.cls
Document Class: article 2004/02/16 v1.4f Standard LaTeX document class
(/sw/share/texmf-dist/tex/latex/base/size12.clo
File: size12.clo 2004/02/16 v1.4f Standard LaTeX file (size option)
)
\c@part=\count79
\c@section=\count80
\c@subsection=\count81
\c@subsubsection=\count82
\c@paragraph=\count83
\c@subparagraph=\count84
\c@figure=\count85
\c@table=\count86
\abovecaptionskip=\skip41
\belowcaptionskip=\skip42
\bibindent=\dimen102
) (/sw/share/texmf-dist/tex/latex/base/ifthen.sty
Package: ifthen 2001/05/26 v1.1c Standard LaTeX ifthen package (DPC)
) (/sw/share/texmf-dist/tex/latex/preprint/fullpage.sty
Package: fullpage 1999/02/23 1.1 (PWD)
\FP@margin=\skip43
) (/sw/share/texmf-dist/tex/latex/graphics/color.sty
Package: color 1999/02/16 v1.0i Standard LaTeX Color (DPC)
(/sw/share/texmf-dist/tex/latex/graphics/color.cfg
File: color.cfg 2005/02/03 v1.3 color configuration of teTeX/TeXLive
)
Package color Info: Driver file: dvips.def on input line 125.
(/sw/share/texmf-dist/tex/latex/graphics/dvips.def
File: dvips.def 1999/02/16 v3.0i Driver-dependant file (DPC,SPQR)
) (/sw/share/texmf-dist/tex/latex/graphics/dvipsnam.def
File: dvipsnam.def 1999/02/16 v3.0i Driver-dependant file (DPC,SPQR)
)) (/sw/share/texmf-dist/tex/latex/base/inputenc.sty
Package: inputenc 2004/02/05 v1.0d Input encoding file
)
\sizebox=\box26
\lthtmlwrite=\write3
(./images.aux)
\openout1 = `images.aux'.

LaTeX Font Info:    Checking defaults for OML/cmm/m/it on input line 132.
LaTeX Font Info:    ... okay on input line 132.
LaTeX Font Info:    Checking defaults for T1/cmr/m/n on input line 132.
LaTeX Font Info:    ... okay on input line 132.
LaTeX Font Info:    Checking defaults for OT1/cmr/m/n on input line 132.
LaTeX Font Info:    ... okay on input line 132.
LaTeX Font Info:    Checking defaults for OMS/cmsy/m/n on input line 132.
LaTeX Font Info:    ... okay on input line 132.
LaTeX Font Info:    Checking defaults for OMX/cmex/m/n on input line 132.
LaTeX Font Info:    ... okay on input line 132.
LaTeX Font Info:    Checking defaults for U/cmr/m/n on input line 132.
LaTeX Font Info:    ... okay on input line 132.

latex2htmlLength hsize=349.0pt

latex2htmlLength vsize=650.43001pt

latex2htmlLength hoffset=0.0pt

latex2htmlLength voffset=0.0pt

latex2htmlLength topmargin=0.0pt

latex2htmlLength topskip=0.00003pt

latex2htmlLength headheight=0.0pt

latex2htmlLength headsep=0.0pt

latex2htmlLength parskip=0.0pt plus 1.0pt

latex2htmlLength oddsidemargin=0.0pt

latex2htmlLength evensidemargin=0.0pt

LaTeX Font Info:    External font `cmex10' loaded for size
(Font)              <12> on input line 156.
LaTeX Font Info:    External font `cmex10' loaded for size
(Font)              <8> on input line 156.
LaTeX Font Info:    External font `cmex10' loaded for size
(Font)              <6> on input line 156.
l2hSize :tex2html_wrap_inline169:8.2pt::0.0pt::13.20828pt.
[1



]
l2hSize :displaymath39:44.49995pt::0.0pt::349.0pt.
[2


]
l2hSize :tex2html_wrap_indisplay433:8.25pt::8.25pt::37.91376pt.
[3


]
l2hSize :tex2html_wrap_indisplay434:8.25pt::8.25pt::9.72632pt.
[4


]
l2hSize :tex2html_wrap_indisplay435:8.25pt::8.25pt::6.46246pt.
[5


]
l2hSize :tex2html_wrap_indisplay436:8.25pt::8.25pt::37.91376pt.
[6


]
l2hSize :tex2html_wrap_indisplay437:8.25pt::8.25pt::9.92088pt.
[7


]
l2hSize :tex2html_wrap_indisplay439:8.25pt::8.25pt::37.91376pt.
[8


]
l2hSize :tex2html_wrap_indisplay442:8.25pt::8.25pt::10.65851pt.
[9


]
l2hSize :tex2html_wrap_indisplay443:8.83331pt::8.83331pt::87.72002pt.
[10


]
l2hSize :tex2html_wrap_inline171:8.25pt::8.25pt::33.69492pt.
[11


]
l2hSize :tex2html_wrap_inline173:8.25pt::8.25pt::33.88948pt.
[12


]
l2hSize :tex2html_wrap_inline175:9.5pt::9.5pt::56.96776pt.
[11


]
l2hSize :picture59:220.0pt::0.0pt::349.0pt.
[12


]
l2hSize :tex2html_wrap_inline177:8.33331pt::0.0pt::5.58328pt.
[13


]
l2hSize :tex2html_wrap_inline179:7.75pt::0.0pt::5.6444pt.
[14


]
l2hSize :tex2html_wrap_inline181:8.83331pt::8.83331pt::7.66039pt.
[15


]
l2hSize :tex2html_wrap_inline183:7.75pt::0.0pt::6.03331pt.
[16


]
l2hSize :tex2html_wrap_inline185:8.7pt::8.7pt::30.1012pt.
[17


]
l2hSize :tex2html_wrap_inline189:8.83331pt::8.83331pt::39.29543pt.
[14


]
l2hSize :tex2html_wrap_inline191:8.83331pt::8.83331pt::10.08698pt.
[15


]
l2hSize :tex2html_wrap_inline193:8.25pt::8.25pt::11.71806pt.
[16


]
l2hSize :tex2html_wrap_inline197:8.7pt::8.7pt::9.89354pt.
[17


]
l2hSize :tex2html_wrap_inline201:9.5pt::9.5pt::57.22987pt.
[18


]
l2hSize :tex2html_wrap_inline203:8.2pt::0.0pt::9.79301pt.
[19


]
l2hSize :displaymath108:58.99994pt::0.0pt::349.0pt.
[19


]
l2hSize :tex2html_wrap_inline207:8.25pt::8.25pt::10.79587pt.
[20


]
l2hSize :tex2html_wrap_inline209:8.25pt::8.25pt::23.44171pt.
[21


]
l2hSize :tex2html_wrap_inline211:8.25pt::8.25pt::10.65851pt.
[22


]
l2hSize :tex2html_wrap_inline213:10.01027pt::10.01027pt::199.32178pt.
[22


]
l2hSize :tex2html_wrap_inline215:10.01027pt::10.01027pt::116.6381pt.
[23


]
l2hSize :tex2html_wrap_inline217:8.2pt::0.0pt::8.51245pt.
[24


]
l2hSize :tex2html_wrap_inline219:7.75pt::0.0pt::7.27495pt.
[25


]
l2hSize :tex2html_wrap_inline221:7.75pt::0.0pt::6.69856pt.
[26


]
l2hSize :tex2html_wrap_inline223:9.51027pt::0.0pt::13.26251pt.
[27


]
l2hSize :displaymath121:17.5pt::0.0pt::349.0pt.
[28


]
l2hSize :tex2html_wrap_inline227:8.25pt::8.25pt::65.89966pt.
[29


] (./images.aux) ) 
Here is how much of TeX's memory you used:
 642 strings out of 94501
 8220 string characters out of 1176137
 52465 words of memory out of 1000000
 3866 multiletter control sequences out of 10000+50000
 6376 words of font info for 23 fonts, out of 500000 for 2000
 580 hyphenation exceptions out of 1000
 22i,8n,19p,162b,157s stack positions out of 1500i,500n,5000p,200000b,5000s

Output written on images.dvi (37 pages, 9696 bytes).
