_total_solve_elapsed_time = 0

n = 15
bdim = 55
gdim = 35

Solve LP relaxation
CPLEX 11.0.0: unbounded problem.
49 dual simplex iterations (49 in phase I)
variable.unbdd returned
37 extra simplex iterations for ray (27 in phase I)

suffix unbdd OUT;
:        x       w    ytilde      c     d     :=
1    0.0121212   0   0.0121212     5    -1
2    0.0121212   0   0.0121212    -1    -8
3    0.030303    0   0.030303     -7     3
4    0.0121212   1   0.0121212     5     4
5    0.0181818   1   0.0181818     6    -9
6    0.030303    1   0.030303      1     0
7    0.0242424   0   0.0242424    -6    -2
8    0.0181818   0   0.0181818    -5    -7
9    0.030303    1   0.030303      0    -5
10   0.0181818   1   0.0181818    -7    -4
11   0.0181818   0   0.0181818   -10    -1
12   0.0242424   1   0.0242424    -4    -2
13   0.0121212   0   0.0121212     6     4
14   0.0121212   0   0.0121212     2    -5
15   0.0121212   1   0.0121212     5   -10
;

Solve convex quadratic relaxation
CPLEX 11.0.0: primal optimal (no dual solution available); objective -48.99809903
15 barrier iterations
No basis.
:       x          w       ytilde     c     d     :=
1    0.729827   0.616001   1.34583     5    -1
2    0.924384   0.53918    1.46356    -1    -8
3    1.26666    0.42679    1.69345    -7     3
4    0.757735   0.539268   1.297       5     4
5    0.697146   0.596715   1.29386     6    -9
6    1.0954     0.491319   1.58672     1     0
7    1.15676    0.489507   1.64627    -6    -2
8    1.06006    0.534536   1.5946     -5    -7
9    0.882336   0.523362   1.4057      0    -5
10   1.3396     0.495453   1.83506    -7    -4
11   1.29732    0.418077   1.71539   -10    -1
12   1.16934    0.474716   1.64405    -4    -2
13   0.784529   0.51879    1.30332     6     4
14   0.958127   0.553029   1.51116     2    -5
15   0.863106   0.535421   1.39853     5   -10
;

sum{i in 1 .. n} x[i]*(0.5*x[i] + w[i]) = 15.4139

_total_solve_elapsed_time = 0.05

