_total_solve_elapsed_time = 0

n = 30
bdim = 150
gdim = 150

Solve LP relaxation
CPLEX 11.0.0: unbounded problem.
120 dual simplex iterations (120 in phase I)
variable.unbdd returned
330 extra simplex iterations for ray (87 in phase I)

suffix unbdd OUT;
:        x        w     ytilde      c     d     :=
1    0.0141243    0   0.0141243     -1    -1
2    0.0141243    0   0.0141243    -10    -8
3    0.00564972   0   0.00564972     3     3
4    0.00564972   0   0.00564972    -1     4
5    0.0141243    0   0.0141243     -4    -9
6    0.00564972   0   0.00564972     2     0
7    0.0112994    0   0.0112994     -3    -2
8    0.00847458   1   0.00847458     9    -7
9    0.0112994    1   0.0112994      1    -5
10   0.0112994    1   0.0112994      5    -4
11   0.0141243    0   0.0141243     -9    -1
12   0.00564972   0   0.00564972    -4    -2
13   0.00847458   0   0.00847458    -8     4
14   0.0112994    0   0.0112994     -4    -5
15   0.00847458   1   0.00847458     5   -10
16   0.00847458   0   0.00847458     0     1
17   0.0141243    0   0.0141243     -5    -4
18   0.0112994    1   0.0112994      5    -8
19   0.00564972   0   0.00564972     3     1
20   0.00847458   0   0.00847458    -5     2
21   0.00847458   1   0.00847458     2    -2
22   0.0141243    1   0.0141243     -2    -7
23   0.0141243    1   0.0141243     -9    -7
24   0.00564972   1   0.00564972     6    -3
25   0.00564972   1   0.00564972     4    -8
26   0.0141243    1   0.0141243      6   -10
27   0.00847458   0   0.00847458    -2    -6
28   0.00564972   0   0.00564972     0     2
29   0.00564972   1   0.00564972     9    -1
30   0.00847458   0   0.00847458     8     1
;

Solve convex quadratic relaxation
CPLEX 11.0.0: primal optimal (no dual solution available); objective -74.75518541
24 barrier iterations
No basis.
:       x          w       ytilde     c     d     :=
1    1.08049    0.549755   1.63024    -1    -1
2    1.4643     0.517375   1.98167   -10    -8
3    0.913447   0.546329   1.45978     3     3
4    1.09313    0.509482   1.60261    -1     4
5    1.04906    0.515193   1.56425    -4    -9
6    1.06221    0.51235    1.57456     2     0
7    1.07579    0.520731   1.59652    -3    -2
8    0.860272   0.537748   1.39802     9    -7
9    0.999253   0.526733   1.52599     1    -5
10   0.915712   0.52172    1.43743     5    -4
11   1.34387    0.498093   1.84196    -9    -1
12   1.05729    0.534486   1.59178    -4    -2
13   1.30376    0.43006    1.73382    -8     4
14   1.26618    0.507707   1.77389    -4    -5
15   0.871727   0.543736   1.41546     5   -10
16   1.03738    0.488283   1.52566     0     1
17   1.05743    0.507813   1.56524    -5    -4
18   0.830216   0.568833   1.39905     5    -8
19   0.902165   0.493279   1.39544     3     1
20   0.968689   0.461694   1.43038    -5     2
21   0.930396   0.517271   1.44767     2    -2
22   1.08246    0.544214   1.62668    -2    -7
23   1.26836    0.526342   1.79471    -9    -7
24   0.888109   0.501992   1.3901      6    -3
25   0.684106   0.511444   1.19555     4    -8
26   0.865597   0.535787   1.40138     6   -10
27   1.04295    0.515344   1.55829    -2    -6
28   0.988503   0.526907   1.51541     0     2
29   0.657907   0.512169   1.17008     9    -1
30   0.728793   0.53708    1.26587     8     1
;

sum{i in 1 .. n} x[i]*(0.5*x[i] + w[i]) = 31.4272

_total_solve_elapsed_time = 0.23

