_total_solve_elapsed_time = 0

n = 10
bdim = 130
gdim = 50

Solve LP relaxation
CPLEX 11.0.0: unbounded problem.
27 dual simplex iterations (27 in phase I)
variable.unbdd returned
47 extra simplex iterations for ray (28 in phase I)

suffix unbdd OUT;
:      x     w  ytilde    c    d     :=
1    0.024   0   0.024     3   -1
2    0.016   1   0.016     1   -8
3    0.016   1   0.016     8    3
4    0.032   0   0.032    -3    4
5    0.032   0   0.032   -10   -9
6    0.032   1   0.032     5    0
7    0.04    0   0.04     -1   -2
8    0.04    0   0.04     -7   -7
9    0.016   1   0.016     5   -5
10   0.016   1   0.016     6   -4
;

Solve convex quadratic relaxation
CPLEX 11.0.0: primal optimal (no dual solution available); objective -17.37861537
17 barrier iterations
No basis.
:       x          w       ytilde     c    d     :=
1    0.988992   0.512041   1.50103     3   -1
2    1.04194    0.565713   1.60766     1   -8
3    0.675792   0.50438    1.18017     8    3
4    1.11993    0.491961   1.61189    -3    4
5    1.22843    0.546718   1.77514   -10   -9
6    0.929137   0.519188   1.44832     5    0
7    1.0716     0.497627   1.56923    -1   -2
8    1.18204    0.533876   1.71591    -7   -7
9    0.873419   0.500133   1.37355     5   -5
10   0.861059   0.568204   1.42926     6   -4
;

sum{i in 1 .. n} x[i]*(0.5*x[i] + w[i]) = 10.3305

_total_solve_elapsed_time = 0.06

