_total_solve_elapsed_time = 0

n = 20
bdim = 60
gdim = 40

Solve LP relaxation
CPLEX 11.0.0: unbounded problem.
57 dual simplex iterations (57 in phase I)
variable.unbdd returned
55 extra simplex iterations for ray (29 in phase I)

suffix unbdd OUT;
:        x        w     ytilde      c     d     :=
1    0.00833333   1   0.00833333     1    -1
2    0.0166667    1   0.0166667     -6    -8
3    0.0125       0   0.0125        -5     3
4    0.0125       0   0.0125         0     4
5    0.0208333    1   0.0208333     -7    -9
6    0.0166667    0   0.0166667    -10     0
7    0.0125       0   0.0125        -4    -2
8    0.00833333   1   0.00833333     6    -7
9    0.0208333    0   0.0208333      2    -5
10   0.0125       1   0.0125         5    -4
11   0.0208333    0   0.0208333     -1    -1
12   0.0125       0   0.0125       -10    -2
13   0.00833333   1   0.00833333     3     4
14   0.00833333   1   0.00833333    -1    -5
15   0.0208333    0   0.0208333     -4   -10
16   0.0208333    0   0.0208333      2     1
17   0.00833333   0   0.00833333    -3    -4
18   0.00833333   0   0.00833333     9    -8
19   0.0166667    0   0.0166667      1     1
20   0.0166667    0   0.0166667      5     2
;

Solve convex quadratic relaxation
CPLEX 11.0.0: primal optimal (no dual solution available); objective -59.89929971
15 barrier iterations
No basis.
:       x          w       ytilde     c     d     :=
1    0.974474   0.535904   1.51038     1    -1
2    1.19564    0.507605   1.70325    -6    -8
3    1.1764     0.257054   1.43346    -5     3
4    1.09868    0.363933   1.46261     0     4
5    1.30313    0.475789   1.77892    -7    -9
6    1.02503    0.553508   1.57853   -10     0
7    1.07214    0.435995   1.50813    -4    -2
8    0.91142    0.57893    1.49035     6    -7
9    0.826321   0.72554    1.55186     2    -5
10   0.594555   0.669495   1.26405     5    -4
11   1.26818    0.323643   1.59183    -1    -1
12   1.35933    0.304275   1.6636    -10    -2
13   0.870339   0.375468   1.24581     3     4
14   1.09684    0.565935   1.66278    -1    -5
15   1.03925    0.503049   1.5423     -4   -10
16   1.00391    0.539005   1.54292     2     1
17   0.845735   0.355399   1.20113    -3    -4
18   0.865124   0.502142   1.36727     9    -8
19   0.989041   0.519402   1.50844     1     1
20   0.667413   0.611647   1.27906     5     2
;

sum{i in 1 .. n} x[i]*(0.5*x[i] + w[i]) = 20.0675

_total_solve_elapsed_time = 0.06

