_total_solve_elapsed_time = 0

n = 15
bdim = 125
gdim = 55

Solve LP relaxation
CPLEX 11.0.0: unbounded problem.
43 dual simplex iterations (43 in phase I)
variable.unbdd returned
69 extra simplex iterations for ray (33 in phase I)

suffix unbdd OUT;
:        x       w    ytilde      c     d     :=
1    0.0114943   0   0.0114943     5    -1
2    0.0172414   1   0.0172414    -1    -8
3    0.0229885   0   0.0229885    -7     3
4    0.0114943   0   0.0114943     5     4
5    0.0114943   1   0.0114943     6    -9
6    0.0114943   0   0.0114943     1     0
7    0.0287356   0   0.0287356    -6    -2
8    0.0114943   0   0.0114943    -5    -7
9    0.0287356   1   0.0287356     0    -5
10   0.0229885   1   0.0229885    -7    -4
11   0.0229885   0   0.0229885   -10    -1
12   0.0287356   0   0.0287356    -4    -2
13   0.0172414   0   0.0172414     6     4
14   0.0229885   1   0.0229885     2    -5
15   0.0172414   1   0.0172414     5   -10
;

Solve convex quadratic relaxation
CPLEX 11.0.0: primal optimal (no dual solution available); objective -47.63970367
17 barrier iterations
No basis.
:       x          w       ytilde     c     d     :=
1    0.728371   0.53426    1.26263     5    -1
2    0.984159   0.565356   1.54952    -1    -8
3    1.16667    0.475154   1.64182    -7     3
4    0.81848    0.50015    1.31863     5     4
5    0.750706   0.560885   1.31159     6    -9
6    0.975871   0.518138   1.49401     1     0
7    1.27447    0.53888    1.81335    -6    -2
8    1.17618    0.511136   1.68732    -5    -7
9    0.945424   0.534588   1.48001     0    -5
10   1.19416    0.532973   1.72714    -7    -4
11   1.29423    0.478545   1.77277   -10    -1
12   1.13942    0.513368   1.65279    -4    -2
13   0.827648   0.498977   1.32662     6     4
14   0.883043   0.504103   1.38715     2    -5
15   0.845651   0.510724   1.35637     5   -10
;

sum{i in 1 .. n} x[i]*(0.5*x[i] + w[i]) = 15.5234

_total_solve_elapsed_time = 0.07

