_total_solve_elapsed_time = 0

n = 20
bdim = 100
gdim = 100

Solve LP relaxation
CPLEX 11.0.0: unbounded problem.
43 dual simplex iterations (43 in phase I)
variable.unbdd returned
148 extra simplex iterations for ray (54 in phase I)

suffix unbdd OUT;
:        x        w     ytilde      c     d     :=
1    0.0139373    0   0.0139373      1    -1
2    0.0139373    1   0.0139373     -6    -8
3    0.0174216    0   0.0174216     -5     3
4    0.00696864   0   0.00696864     0     4
5    0.0174216    0   0.0174216     -7    -9
6    0.0139373    0   0.0139373    -10     0
7    0.0139373    0   0.0139373     -4    -2
8    0.0139373    1   0.0139373      6    -7
9    0.00696864   1   0.00696864     2    -5
10   0.00696864   0   0.00696864     5    -4
11   0.0174216    0   0.0174216     -1    -1
12   0.0174216    0   0.0174216    -10    -2
13   0.00696864   0   0.00696864     3     4
14   0.00696864   0   0.00696864    -1    -5
15   0.010453     0   0.010453      -4   -10
16   0.0174216    0   0.0174216      2     1
17   0.0174216    1   0.0174216     -3    -4
18   0.00696864   1   0.00696864     9    -8
19   0.0174216    0   0.0174216      1     1
20   0.0174216    0   0.0174216      5     2
;

Solve convex quadratic relaxation
CPLEX 11.0.0: primal optimal (no dual solution available); objective -62.79445663
19 barrier iterations
No basis.
:       x          w       ytilde     c     d     :=
1    0.993044   0.543621   1.53666     1    -1
2    1.1743     0.507443   1.68174    -6    -8
3    1.22566    0.41446    1.64012    -5     3
4    0.935848   0.42368    1.35953     0     4
5    1.18756    0.516757   1.70432    -7    -9
6    1.24316    0.449463   1.69262   -10     0
7    1.1738     0.486957   1.66075    -4    -2
8    0.69891    0.57109    1.27        6    -7
9    0.860515   0.533951   1.39447     2    -5
10   0.876903   0.565909   1.44281     5    -4
11   1.06661    0.457603   1.52421    -1    -1
12   1.33095    0.425257   1.75621   -10    -2
13   0.831544   0.486948   1.31849     3     4
14   1.01917    0.506629   1.5258     -1    -5
15   1.07701    0.515944   1.59295    -4   -10
16   0.875385   0.50395    1.37934     2     1
17   1.16069    0.529431   1.69012    -3    -4
18   0.601591   0.528508   1.1301      9    -8
19   0.860414   0.563      1.42341     1     1
20   0.94528    0.509361   1.45464     5     2
;

sum{i in 1 .. n} x[i]*(0.5*x[i] + w[i]) = 20.5012

_total_solve_elapsed_time = 0.1

