_total_solve_elapsed_time = 0

n = 20
bdim = 200
gdim = 40

Solve LP relaxation
CPLEX 11.0.0: unbounded problem.
64 dual simplex iterations (64 in phase I)
variable.unbdd returned
65 extra simplex iterations for ray (39 in phase I)

suffix unbdd OUT;
:        x        w     ytilde      c     d     :=
1    0.0125       1   0.0125         1    -1
2    0.0208333    0   0.0208333     -6    -8
3    0.0208333    0   0.0208333     -5     3
4    0.00833333   0   0.00833333     0     4
5    0.00833333   1   0.00833333    -7    -9
6    0.0208333    0   0.0208333    -10     0
7    0.0125       0   0.0125        -4    -2
8    0.00833333   1   0.00833333     6    -7
9    0.00833333   1   0.00833333     2    -5
10   0.0125       1   0.0125         5    -4
11   0.0125       0   0.0125        -1    -1
12   0.0166667    0   0.0166667    -10    -2
13   0.00833333   0   0.00833333     3     4
14   0.0208333    0   0.0208333     -1    -5
15   0.0208333    0   0.0208333     -4   -10
16   0.0166667    0   0.0166667      2     1
17   0.00833333   0   0.00833333    -3    -4
18   0.0125       1   0.0125         9    -8
19   0.0125       0   0.0125         1     1
20   0.0125       0   0.0125         5     2
;

Solve convex quadratic relaxation
CPLEX 11.0.0: primal optimal (no dual solution available); objective -62.56916206
20 barrier iterations
No basis.
:       x          w       ytilde     c     d     :=
1    1.05684    0.537231   1.59407     1    -1
2    1.35348    0.520889   1.87437    -6    -8
3    1.17827    0.474781   1.65305    -5     3
4    0.89079    0.477087   1.36788     0     4
5    1.12998    0.531056   1.66104    -7    -9
6    1.41652    0.490007   1.90653   -10     0
7    0.93178    0.499307   1.43109    -4    -2
8    0.688253   0.564242   1.2525      6    -7
9    0.746958   0.531148   1.27811     2    -5
10   0.8128     0.540779   1.35358     5    -4
11   0.954496   0.496894   1.45139    -1    -1
12   1.25764    0.467125   1.72476   -10    -2
13   0.92221    0.500261   1.42247     3     4
14   1.16442    0.516857   1.68127    -1    -5
15   1.12772    0.506965   1.63468    -4   -10
16   0.857745   0.496919   1.35466     2     1
17   1.03644    0.511202   1.54764    -3    -4
18   0.692369   0.540486   1.23285     9    -8
19   0.916366   0.531736   1.4481      1     1
20   0.894973   0.527094   1.42207     5     2
;

sum{i in 1 .. n} x[i]*(0.5*x[i] + w[i]) = 20.6648

_total_solve_elapsed_time = 0.11

