_total_solve_elapsed_time = 0

n = 50
bdim = 250
gdim = 250

Solve LP relaxation
CPLEX 11.0.0: unbounded problem.
226 dual simplex iterations (226 in phase I)
variable.unbdd returned
633 extra simplex iterations for ray (258 in phase I)

suffix unbdd OUT;
:        x        w     ytilde      c     d     :=
1    0.00818331   0   0.00818331     2    -1
2    0.00327332   0   0.00327332    -2    -8
3    0.00654664   0   0.00654664    -9     3
4    0.00327332   0   0.00327332     6     4
5    0.00490998   0   0.00490998     4    -9
6    0.00490998   0   0.00490998     6     0
7    0.00327332   1   0.00327332    -2    -2
8    0.00818331   0   0.00818331     0    -7
9    0.00490998   1   0.00490998     9    -5
10   0.00327332   0   0.00327332     8    -4
11   0.00818331   0   0.00818331    -3    -1
12   0.00818331   0   0.00818331    -9    -2
13   0.00818331   0   0.00818331    -8     4
14   0.00327332   0   0.00327332     2    -5
15   0.00490998   1   0.00490998     6   -10
16   0.00327332   0   0.00327332     6     1
17   0.00654664   0   0.00654664    -5    -4
18   0.00654664   1   0.00654664     6    -8
19   0.00327332   0   0.00327332    -1     1
20   0.00818331   0   0.00818331    -8     2
21   0.00327332   0   0.00327332    -3    -2
22   0.00490998   0   0.00490998    -9    -7
23   0.00327332   0   0.00327332     6    -7
24   0.00327332   0   0.00327332    -6    -3
25   0.00818331   1   0.00818331   -10    -8
26   0.00490998   0   0.00490998     3   -10
27   0.00654664   0   0.00654664    -1    -6
28   0.00327332   0   0.00327332     6     2
29   0.00654664   0   0.00654664    -8    -1
30   0.00654664   0   0.00654664    -4     1
31   0.00327332   1   0.00327332     6    -3
32   0.00327332   1   0.00327332     0   -10
33   0.00327332   0   0.00327332    -2    -1
34   0.00327332   0   0.00327332    -4    -3
35   0.00654664   1   0.00654664    -2    -6
36   0.00654664   0   0.00654664     0    -1
37   0.00818331   0   0.00818331     4    -5
38   0.00654664   0   0.00654664     7     4
39   0.00327332   0   0.00327332    -1    -2
40   0.00654664   0   0.00654664     0     1
41   0.00490998   1   0.00490998     4   -10
42   0.00327332   1   0.00327332     4    -6
43   0.00818331   0   0.00818331     1    -8
44   0.00327332   0   0.00327332     2    -6
45   0.00327332   0   0.00327332    -6     1
46   0.00654664   1   0.00654664    -2    -3
47   0.00654664   0   0.00654664     5    -7
48   0.00818331   0   0.00818331    -8     1
49   0.00654664   0   0.00654664     6     0
50   0.00654664   1   0.00654664     6    -7
;

Solve convex quadratic relaxation
CPLEX 11.0.0: primal optimal (no dual solution available); objective -123.1744361
22 barrier iterations
No basis.
:       x          w       ytilde     c     d     :=
1    1.04847    0.513767   1.56223     2    -1
2    1.05633    0.5396     1.59593    -2    -8
3    1.20512    0.464978   1.6701     -9     3
4    0.749461   0.53502    1.28448     6     4
5    0.778924   0.532001   1.31092     4    -9
6    0.722807   0.516628   1.23944     6     0
7    0.903119   0.538618   1.44174    -2    -2
8    1.12268    0.507389   1.63007     0    -7
9    0.932034   0.555742   1.48778     9    -5
10   0.875392   0.494884   1.37028     8    -4
11   1.09154    0.51889    1.61043    -3    -1
12   1.44953    0.48827    1.9378     -9    -2
13   1.32248    0.459818   1.7823     -8     4
14   0.727364   0.499118   1.22648     2    -5
15   0.899564   0.547069   1.44663     6   -10
16   0.842501   0.504786   1.34729     6     1
17   1.2393     0.458579   1.69788    -5    -4
18   0.921881   0.548494   1.47037     6    -8
19   0.979981   0.440774   1.42075    -1     1
20   1.35286    0.478389   1.83125    -8     2
21   1.13669    0.464421   1.60112    -3    -2
22   1.14068    0.528993   1.66967    -9    -7
23   0.759557   0.521089   1.28065     6    -7
24   1.11025    0.495378   1.60562    -6    -3
25   1.37288    0.487038   1.85992   -10    -8
26   1.00376    0.493508   1.49727     3   -10
27   1.00767    0.499294   1.50697    -1    -6
28   0.703155   0.511368   1.21452     6     2
29   1.17941    0.465303   1.64472    -8    -1
30   1.19689    0.497041   1.69393    -4     1
31   0.613044   0.54049    1.15353     6    -3
32   0.791396   0.496395   1.28779     0   -10
33   1.02556    0.525523   1.55109    -2    -1
34   1.0015     0.491691   1.49319    -4    -3
35   1.21678    0.522712   1.7395     -2    -6
36   1.04498    0.555117   1.60009     0    -1
37   1.04572    0.546991   1.59272     4    -5
38   0.704301   0.501567   1.20587     7     4
39   0.749726   0.517984   1.26771    -1    -2
40   1.1373     0.500293   1.63759     0     1
41   0.926758   0.553085   1.47984     4   -10
42   1.12438    0.527562   1.65194     4    -6
43   1.03181    0.564572   1.59638     1    -8
44   0.995732   0.551919   1.54765     2    -6
45   1.09678    0.482471   1.57925    -6     1
46   1.06135    0.536569   1.59792    -2    -3
47   1.00075    0.522063   1.52281     5    -7
48   1.26358    0.506002   1.76958    -8     1
49   0.961567   0.484027   1.44559     6     0
50   1.01265    0.48558    1.49823     6    -7
;

sum{i in 1 .. n} x[i]*(0.5*x[i] + w[i]) = 52.2857

_total_solve_elapsed_time = 0.67

