This is TeX, Version 3.14159 (Web2c 7.1) (format=latex 98.1.13)  18 MAR 2004 19:19
**./images.tex
(./images.tex
LaTeX2e <1997/06/01>

(/campus/text/tex/3.14159/common/texmf/tex/latex/base/article.cls
Document Class: article 1997/06/16 v1.3v Standard LaTeX document class
(/campus/text/tex/3.14159/common/texmf/tex/latex/base/size12.clo
File: size12.clo 1997/06/16 v1.3v Standard LaTeX file (size option)
)
\c@part=\count79
\c@section=\count80
\c@subsection=\count81
\c@subsubsection=\count82
\c@paragraph=\count83
\c@subparagraph=\count84
\c@figure=\count85
\c@table=\count86
\abovecaptionskip=\skip41
\belowcaptionskip=\skip42
\bibindent=\dimen102
) (/campus/text/tex/3.14159/common/texmf/tex/latex/graphics/color.sty
Package: color 1997/06/07 v1.0e Standard LaTeX Color (DPC)
(/campus/text/tex/3.14159/common/texmf/tex/latex/graphics/color.cfg)
Package color Info: Driver file: dvips.def on input line 129.
(/campus/text/tex/3.14159/common/texmf/tex/latex/graphics/dvips.def
File: dvips.def 1996/12/12 v3.0d Driver-dependant file (DPC,SPQR)
) (/campus/text/tex/3.14159/common/texmf/tex/latex/graphics/dvipsnam.def
File: dvipsnam.def 1996/12/12 v3.0d Driver-dependant file (DPC,SPQR)
))
\sizebox=\box26
\lthtmlwrite=\write3
(images.aux)
\openout1 = `images.aux'.

LaTeX Font Info:    Checking defaults for OML/cmm/m/it on input line 89.
LaTeX Font Info:    ... okay on input line 89.
LaTeX Font Info:    Checking defaults for T1/cmr/m/n on input line 89.
LaTeX Font Info:    ... okay on input line 89.
LaTeX Font Info:    Checking defaults for OT1/cmr/m/n on input line 89.
LaTeX Font Info:    ... okay on input line 89.
LaTeX Font Info:    Checking defaults for OMS/cmsy/m/n on input line 89.
LaTeX Font Info:    ... okay on input line 89.
LaTeX Font Info:    Checking defaults for OMX/cmex/m/n on input line 89.
LaTeX Font Info:    ... okay on input line 89.
LaTeX Font Info:    Checking defaults for U/cmr/m/n on input line 89.
LaTeX Font Info:    ... okay on input line 89.
latex2htmlLength hsize=349.0pt
latex2htmlLength vsize=661.295pt
latex2htmlLength hoffset=0.0pt
latex2htmlLength voffset=0.0pt
latex2htmlLength topmargin=0.0pt
latex2htmlLength topskip=0.00003pt
latex2htmlLength headheight=0.0pt
latex2htmlLength headsep=0.0pt
latex2htmlLength parskip=0.0pt plus 1.0pt
latex2htmlLength oddsidemargin=-36.135pt
latex2htmlLength evensidemargin=-36.135pt
LaTeX Font Info:    External font `cmex10' loaded for size
(Font)              <12> on input line 110.
LaTeX Font Info:    External font `cmex10' loaded for size
(Font)              <8> on input line 110.
LaTeX Font Info:    External font `cmex10' loaded for size
(Font)              <6> on input line 110.
l2hSize :tex2html_wrap_inline102:10.32137pt::10.32137pt::43.47202pt.
[1


]
l2hSize :tex2html_wrap_inline104:10.32137pt::10.32137pt::43.27745pt.
[2


]
l2hSize :displaymath18:53.1998pt::0.0pt::349.0pt.
[3


]
l2hSize :tex2html_wrap_inline106:9.5pt::9.5pt::209.29114pt.
[4


]
l2hSize :tex2html_wrap_inline112:10.38034pt::10.38034pt::60.54877pt.
[5


]
l2hSize :displaymath29:37.00037pt::0.0pt::349.0pt.
[6


]
l2hSize :tex2html_wrap_inline140:8.83331pt::8.83331pt::86.58722pt.
[7


]
l2hSize :displaymath37:33.06667pt::0.0pt::349.0pt.
[8


]
l2hSize :displaymath41:70.59973pt::0.0pt::349.0pt.
[9


]
l2hSize :displaymath51:87.99966pt::0.0pt::349.0pt.
[10


]
l2hSize :tex2html_wrap_inline188:7.75pt::0.0pt::6.67703pt.
[11


]
Overfull \hbox (7.73917pt too wide) detected at line 208
[]
 []

l2hSize :displaymath62:53.1998pt::0.0pt::349.0pt.
[12


]
l2hSize :tex2html_wrap_inline216:11.99995pt::11.99995pt::54.71751pt.
[13


]
l2hSize :tex2html_wrap_inline218:8.83331pt::8.83331pt::46.0315pt.
[14


]
l2hSize :tex2html_wrap_inline222:11.99995pt::11.99995pt::59.38976pt.
[15


]
Overfull \hbox (10.88092pt too wide) detected at line 241
[]
 []

l2hSize :displaymath72:105.3996pt::0.0pt::349.0pt.
[16


]
l2hSize :tex2html_wrap_inline240:10.6786pt::10.6786pt::50.73209pt.
[17


]
l2hSize :tex2html_wrap_inline242:10.6786pt::10.6786pt::25.92331pt.
[18


]
l2hSize :tex2html_wrap_inline244:7.96431pt::0.0pt::30.40242pt.
[19


]
l2hSize :tex2html_wrap_inline254:8.25pt::8.25pt::28.5519pt.
[20


] (images.aux) ) 
Here is how much of TeX's memory you used:
 514 strings out of 10991
 6435 string characters out of 74034
 50112 words of memory out of 263001
 3430 multiletter control sequences out of 10000+0
 6376 words of font info for 23 fonts, out of 100000 for 500
 14 hyphenation exceptions out of 1000
 22i,9n,21p,182b,217s stack positions out of 300i,100n,500p,10000b,4000s

Output written on images.dvi (20 pages, 6992 bytes).
