This is TeX, Version 3.14159 (Web2c 7.1) (format=latex 98.1.13)  12 JAN 2007 17:39
**./images.tex
(./images.tex
LaTeX2e <1997/06/01>

(/campus/text/tex/3.14159/common/texmf/tex/latex/base/article.cls
Document Class: article 1997/06/16 v1.3v Standard LaTeX document class
(/campus/text/tex/3.14159/common/texmf/tex/latex/base/size10.clo
File: size10.clo 1997/06/16 v1.3v Standard LaTeX file (size option)
)
\c@part=\count79
\c@section=\count80
\c@subsection=\count81
\c@subsubsection=\count82
\c@paragraph=\count83
\c@subparagraph=\count84
\c@figure=\count85
\c@table=\count86
\abovecaptionskip=\skip41
\belowcaptionskip=\skip42
\bibindent=\dimen102
) (/campus/text/tex/3.14159/common/texmf/tex/latex209/misc/fullpage.sty
Style Option FULLPAGE Version 2 as of 15 Dec 1988
) (/campus/text/tex/3.14159/common/texmf/tex/latex/graphics/color.sty
Package: color 1997/06/07 v1.0e Standard LaTeX Color (DPC)
(/campus/text/tex/3.14159/common/texmf/tex/latex/graphics/color.cfg)
Package color Info: Driver file: dvips.def on input line 129.
(/campus/text/tex/3.14159/common/texmf/tex/latex/graphics/dvips.def
File: dvips.def 1996/12/12 v3.0d Driver-dependant file (DPC,SPQR)
) (/campus/text/tex/3.14159/common/texmf/tex/latex/graphics/dvipsnam.def
File: dvipsnam.def 1996/12/12 v3.0d Driver-dependant file (DPC,SPQR)
))
\sizebox=\box26
\lthtmlwrite=\write3
(images.aux)
\openout1 = `images.aux'.

LaTeX Font Info:    Checking defaults for OML/cmm/m/it on input line 89.
LaTeX Font Info:    ... okay on input line 89.
LaTeX Font Info:    Checking defaults for T1/cmr/m/n on input line 89.
LaTeX Font Info:    ... okay on input line 89.
LaTeX Font Info:    Checking defaults for OT1/cmr/m/n on input line 89.
LaTeX Font Info:    ... okay on input line 89.
LaTeX Font Info:    Checking defaults for OMS/cmsy/m/n on input line 89.
LaTeX Font Info:    ... okay on input line 89.
LaTeX Font Info:    Checking defaults for OMX/cmex/m/n on input line 89.
LaTeX Font Info:    ... okay on input line 89.
LaTeX Font Info:    Checking defaults for U/cmr/m/n on input line 89.
LaTeX Font Info:    ... okay on input line 89.
latex2htmlLength hsize=349.0pt
latex2htmlLength vsize=673.20255pt
latex2htmlLength hoffset=0.0pt
latex2htmlLength voffset=0.0pt
latex2htmlLength topmargin=0.0pt
latex2htmlLength topskip=0.00003pt
latex2htmlLength headheight=0.0pt
latex2htmlLength headsep=0.0pt
latex2htmlLength parskip=0.0pt plus 1.0pt
latex2htmlLength oddsidemargin=0.0pt
latex2htmlLength evensidemargin=0.0pt
LaTeX Font Info:    External font `cmex10' loaded for size
(Font)              <7> on input line 110.
LaTeX Font Info:    External font `cmex10' loaded for size
(Font)              <5> on input line 110.
l2hSize :tex2html_wrap_inline101:8.94843pt::8.94843pt::6.38612pt.
[1


] (images.aux) ) 
Here is how much of TeX's memory you used:
 503 strings out of 10991
 6439 string characters out of 74034
 46094 words of memory out of 263001
 3424 multiletter control sequences out of 10000+0
 3640 words of font info for 14 fonts, out of 100000 for 500
 14 hyphenation exceptions out of 1000
 23i,5n,19p,182b,217s stack positions out of 300i,100n,500p,10000b,4000s

Output written on images.dvi (1 page, 364 bytes).
