This is pdfeTeX, Version 3.141592-1.21a-2.2 (Web2C 7.5.4) (format=latex 2007.9.29)  26 NOV 2008 15:43
entering extended mode
**./images.tex
(./images.tex
LaTeX2e <2003/12/01>
Babel <v3.8d> and hyphenation patterns for american, french, german, ngerman, b
ahasa, basque, bulgarian, catalan, croatian, czech, danish, dutch, esperanto, e
stonian, finnish, greek, icelandic, irish, italian, latin, magyar, norsk, polis
h, portuges, romanian, russian, serbian, slovak, slovene, spanish, swedish, tur
kish, ukrainian, nohyphenation, loaded.

(/sw/share/texmf-dist/tex/latex/base/article.cls
Document Class: article 2004/02/16 v1.4f Standard LaTeX document class
(/sw/share/texmf-dist/tex/latex/base/size10.clo
File: size10.clo 2004/02/16 v1.4f Standard LaTeX file (size option)
)
\c@part=\count79
\c@section=\count80
\c@subsection=\count81
\c@subsubsection=\count82
\c@paragraph=\count83
\c@subparagraph=\count84
\c@figure=\count85
\c@table=\count86
\abovecaptionskip=\skip41
\belowcaptionskip=\skip42
\bibindent=\dimen102
) (/sw/share/texmf-dist/tex/latex/base/ifthen.sty
Package: ifthen 2001/05/26 v1.1c Standard LaTeX ifthen package (DPC)
) (/sw/share/texmf-dist/tex/latex/graphics/color.sty
Package: color 1999/02/16 v1.0i Standard LaTeX Color (DPC)
(/sw/share/texmf-dist/tex/latex/graphics/color.cfg
File: color.cfg 2005/02/03 v1.3 color configuration of teTeX/TeXLive
)
Package color Info: Driver file: dvips.def on input line 125.
(/sw/share/texmf-dist/tex/latex/graphics/dvips.def
File: dvips.def 1999/02/16 v3.0i Driver-dependant file (DPC,SPQR)
) (/sw/share/texmf-dist/tex/latex/graphics/dvipsnam.def
File: dvipsnam.def 1999/02/16 v3.0i Driver-dependant file (DPC,SPQR)
)) (/sw/share/texmf-dist/tex/latex/base/inputenc.sty
Package: inputenc 2004/02/05 v1.0d Input encoding file
)
\sizebox=\box26
\lthtmlwrite=\write3
(./images.aux)
\openout1 = `images.aux'.

LaTeX Font Info:    Checking defaults for OML/cmm/m/it on input line 131.
LaTeX Font Info:    ... okay on input line 131.
LaTeX Font Info:    Checking defaults for T1/cmr/m/n on input line 131.
LaTeX Font Info:    ... okay on input line 131.
LaTeX Font Info:    Checking defaults for OT1/cmr/m/n on input line 131.
LaTeX Font Info:    ... okay on input line 131.
LaTeX Font Info:    Checking defaults for OMS/cmsy/m/n on input line 131.
LaTeX Font Info:    ... okay on input line 131.
LaTeX Font Info:    Checking defaults for OMX/cmex/m/n on input line 131.
LaTeX Font Info:    ... okay on input line 131.
LaTeX Font Info:    Checking defaults for U/cmr/m/n on input line 131.
LaTeX Font Info:    ... okay on input line 131.

latex2htmlLength hsize=349.0pt

latex2htmlLength vsize=687.43pt

latex2htmlLength hoffset=0.0pt

latex2htmlLength voffset=0.0pt

latex2htmlLength topmargin=0.0pt

latex2htmlLength topskip=0.00003pt

latex2htmlLength headheight=0.0pt

latex2htmlLength headsep=0.0pt

latex2htmlLength parskip=0.0pt plus 1.0pt

latex2htmlLength oddsidemargin=-36.135pt

latex2htmlLength evensidemargin=-36.135pt

LaTeX Font Info:    External font `cmex10' loaded for size
(Font)              <7> on input line 155.
LaTeX Font Info:    External font `cmex10' loaded for size
(Font)              <5> on input line 155.
l2hSize :displaymath12:49.0pt::0.0pt::349.0pt.
[1



]
l2hSize :tex2html_wrap_inline169:9.37892pt::9.37892pt::61.95135pt.
[2


]
l2hSize :tex2html_wrap_inline171:8.87892pt::0.0pt::16.95146pt.
[3


]
l2hSize :tex2html_wrap_inline173:8.0pt::8.0pt::90.1042pt.
[4


]
l2hSize :tex2html_wrap_inline177:7.44444pt::7.44444pt::21.59041pt.
[5


]
l2hSize :tex2html_wrap_inline179:6.83331pt::0.0pt::14.54866pt.
[6


]
l2hSize :displaymath28:50.139pt::0.0pt::349.0pt.
[7


]
l2hSize :tex2html_wrap_inline185:8.0pt::8.0pt::51.2152pt.
[8


]
l2hSize :tex2html_wrap_inline187:8.94843pt::8.94843pt::34.21712pt.
[9


]
Overfull \hbox (35.94693pt too wide) detected at line 240
[]
 []

l2hSize :displaymath44:49.00046pt::0.0pt::349.0pt.
[10


]
l2hSize :displaymath67:49.0pt::0.0pt::349.0pt.
[11


]
l2hSize :tex2html_wrap_inline189:8.94843pt::8.94843pt::62.51527pt.
[12


]
l2hSize :tex2html_wrap_inline191:6.95831pt::6.95831pt::61.45824pt.
[13


]
l2hSize :tex2html_wrap_inline193:8.0pt::8.0pt::21.26741pt.
[14


]
l2hSize :picture85:250.0pt::0.0pt::349.0pt.
[15


]
l2hSize :tex2html_wrap_inline203:6.45831pt::0.0pt::4.11115pt.
[16


]
Overfull \hbox (1.0pt too wide) detected at line 359
 [] 
 []

l2hSize :picture99:200.0pt::0.0pt::349.0pt.
[17


]
l2hSize :tex2html_wrap_inline213:7.44444pt::7.44444pt::51.57619pt.
[18


]
l2hSize :tex2html_wrap_inline215:6.94444pt::0.0pt::6.02087pt.
[19


]
l2hSize :tex2html_wrap_inline217:6.94444pt::0.0pt::24.35411pt.
[20


]
l2hSize :tex2html_wrap_inline219:6.94444pt::0.0pt::24.35411pt.
[21


] (./images.aux) ) 
Here is how much of TeX's memory you used:
 593 strings out of 94501
 7661 string characters out of 1176137
 53369 words of memory out of 1000000
 3829 multiletter control sequences out of 10000+50000
 3640 words of font info for 14 fonts, out of 500000 for 2000
 580 hyphenation exceptions out of 1000
 23i,18n,19p,162b,265s stack positions out of 1500i,500n,5000p,200000b,5000s

Output written on images.dvi (21 pages, 9316 bytes).
