This is TeX, Version 3.14159 (Web2c 7.1) (format=latex 98.1.13)  17 FEB 2005 17:06
**abstract
(abstract.tex
LaTeX2e <1997/06/01>
(/campus/text/tex/3.14159/common/texmf/tex/latex/base/article.cls
Document Class: article 1997/06/16 v1.3v Standard LaTeX document class
(/campus/text/tex/3.14159/common/texmf/tex/latex/base/size10.clo
File: size10.clo 1997/06/16 v1.3v Standard LaTeX file (size option)
)
\c@part=\count79
\c@section=\count80
\c@subsection=\count81
\c@subsubsection=\count82
\c@paragraph=\count83
\c@subparagraph=\count84
\c@figure=\count85
\c@table=\count86
\abovecaptionskip=\skip41
\belowcaptionskip=\skip42
\bibindent=\dimen102
)
(abstract.aux)
\openout1 = `abstract.aux'.

LaTeX Font Info:    Checking defaults for OML/cmm/m/it on input line 3.
LaTeX Font Info:    ... okay on input line 3.
LaTeX Font Info:    Checking defaults for T1/cmr/m/n on input line 3.
LaTeX Font Info:    ... okay on input line 3.
LaTeX Font Info:    Checking defaults for OT1/cmr/m/n on input line 3.
LaTeX Font Info:    ... okay on input line 3.
LaTeX Font Info:    Checking defaults for OMS/cmsy/m/n on input line 3.
LaTeX Font Info:    ... okay on input line 3.
LaTeX Font Info:    Checking defaults for OMX/cmex/m/n on input line 3.
LaTeX Font Info:    ... okay on input line 3.
LaTeX Font Info:    Checking defaults for U/cmr/m/n on input line 3.
LaTeX Font Info:    ... okay on input line 3.
LaTeX Font Info:    External font `cmex10' loaded for size
(Font)              <7> on input line 5.
LaTeX Font Info:    External font `cmex10' loaded for size
(Font)              <5> on input line 5.
 [1

] (abstract.aux) ) 
Here is how much of TeX's memory you used:
 195 strings out of 10991
 1941 string characters out of 74034
 45691 words of memory out of 263001
 3128 multiletter control sequences out of 10000+0
 3640 words of font info for 14 fonts, out of 100000 for 500
 14 hyphenation exceptions out of 1000
 23i,4n,18p,580b,160s stack positions out of 300i,100n,500p,10000b,4000s

Output written on abstract.dvi (1 page, 2840 bytes).
