This is TeX, Version 3.14159 (Web2c 7.1) (format=latex 98.1.13)  14 OCT 2004 15:18
**./images.tex
(./images.tex
LaTeX2e <1997/06/01>

(/campus/text/tex/3.14159/common/texmf/tex/latex/base/article.cls
Document Class: article 1997/06/16 v1.3v Standard LaTeX document class
(/campus/text/tex/3.14159/common/texmf/tex/latex/base/size12.clo
File: size12.clo 1997/06/16 v1.3v Standard LaTeX file (size option)
)
\c@part=\count79
\c@section=\count80
\c@subsection=\count81
\c@subsubsection=\count82
\c@paragraph=\count83
\c@subparagraph=\count84
\c@figure=\count85
\c@table=\count86
\abovecaptionskip=\skip41
\belowcaptionskip=\skip42
\bibindent=\dimen102
) (/campus/text/tex/3.14159/common/texmf/tex/latex209/misc/fullpage.sty
Style Option FULLPAGE Version 2 as of 15 Dec 1988
) (/campus/text/tex/3.14159/common/texmf/tex/latex/graphics/color.sty
Package: color 1997/06/07 v1.0e Standard LaTeX Color (DPC)
(/campus/text/tex/3.14159/common/texmf/tex/latex/graphics/color.cfg)
Package color Info: Driver file: dvips.def on input line 129.
(/campus/text/tex/3.14159/common/texmf/tex/latex/graphics/dvips.def
File: dvips.def 1996/12/12 v3.0d Driver-dependant file (DPC,SPQR)
) (/campus/text/tex/3.14159/common/texmf/tex/latex/graphics/dvipsnam.def
File: dvipsnam.def 1996/12/12 v3.0d Driver-dependant file (DPC,SPQR)
))
\sizebox=\box26
\lthtmlwrite=\write3
(images.aux)
\openout1 = `images.aux'.

LaTeX Font Info:    Checking defaults for OML/cmm/m/it on input line 85.
LaTeX Font Info:    ... okay on input line 85.
LaTeX Font Info:    Checking defaults for T1/cmr/m/n on input line 85.
LaTeX Font Info:    ... okay on input line 85.
LaTeX Font Info:    Checking defaults for OT1/cmr/m/n on input line 85.
LaTeX Font Info:    ... okay on input line 85.
LaTeX Font Info:    Checking defaults for OMS/cmsy/m/n on input line 85.
LaTeX Font Info:    ... okay on input line 85.
LaTeX Font Info:    Checking defaults for OMX/cmex/m/n on input line 85.
LaTeX Font Info:    ... okay on input line 85.
LaTeX Font Info:    Checking defaults for U/cmr/m/n on input line 85.
LaTeX Font Info:    ... okay on input line 85.
latex2htmlLength hsize=349.0pt
latex2htmlLength vsize=673.20255pt
latex2htmlLength hoffset=0.0pt
latex2htmlLength voffset=0.0pt
latex2htmlLength topmargin=0.0pt
latex2htmlLength topskip=0.00003pt
latex2htmlLength headheight=0.0pt
latex2htmlLength headsep=0.0pt
latex2htmlLength parskip=0.0pt plus 1.0pt
latex2htmlLength oddsidemargin=0.0pt
latex2htmlLength evensidemargin=0.0pt
LaTeX Font Info:    External font `cmex10' loaded for size
(Font)              <12> on input line 106.
LaTeX Font Info:    External font `cmex10' loaded for size
(Font)              <8> on input line 106.
LaTeX Font Info:    External font `cmex10' loaded for size
(Font)              <6> on input line 106.
l2hSize :displaymath17:29.99997pt::0.0pt::349.0pt.
[1


]
l2hSize :displaymath25:30.83891pt::0.0pt::349.0pt.
[2


]
l2hSize :tex2html_wrap_inline138:8.97777pt::8.97777pt::48.48979pt.
[3


]
l2hSize :tex2html_wrap_inline140:10.3667pt::10.3667pt::54.43013pt.
[4


]
l2hSize :tex2html_wrap_inline156:10.32137pt::10.32137pt::119.51814pt.
[5


]
l2hSize :tex2html_wrap_inline158:7.75pt::0.0pt::6.67703pt.
[6


]
l2hSize :tex2html_wrap_inline162:8.7pt::8.7pt::43.68365pt.
[7


]
l2hSize :displaymath43:17.5pt::0.0pt::349.0pt.
[8


]
l2hSize :displaymath45:44.49995pt::0.0pt::349.0pt.
[9


]
l2hSize :displaymath51:17.5pt::0.0pt::349.0pt.
[10


]
l2hSize :tex2html_wrap_inline170:8.83331pt::8.83331pt::50.80022pt.
[11


]
l2hSize :tex2html_wrap_inline176:9.5pt::9.5pt::21.62823pt.
[12


]
l2hSize :tex2html_wrap_inline178:8.7pt::8.7pt::40.54063pt.
[13


]
l2hSize :displaymath54:29.99997pt::0.0pt::349.0pt.
[14


]
l2hSize :displaymath60:74.50024pt::0.0pt::349.0pt.
[15


]
l2hSize :tex2html_wrap_inline188:9.5pt::9.5pt::51.5509pt.
[16


]
l2hSize :displaymath82:17.5pt::0.0pt::349.0pt.
[17


]
l2hSize :tex2html_wrap_inline196:8.83331pt::8.83331pt::36.48782pt.
[18


]
l2hSize :tex2html_wrap_inline202:9.5pt::9.5pt::46.81688pt.
[19


]
l2hSize :displaymath85:31.00029pt::0.0pt::349.0pt.
[20


]
Overfull \hbox (3.67233pt too wide) detected at line 272
[]
 []

l2hSize :displaymath92:44.49995pt::0.0pt::349.0pt.
[21


]
l2hSize :tex2html_wrap_inline210:10.01027pt::10.01027pt::151.9703pt.
[22


]
l2hSize :displaymath100:23.86444pt::0.0pt::349.0pt.
[23


]
l2hSize :tex2html_wrap_inline212:9.5pt::9.5pt::22.50325pt.
[24


]
l2hSize :tex2html_wrap_inline214:9.5pt::9.5pt::89.02126pt.
[25


]
l2hSize :tex2html_wrap_inline216:9.5pt::9.5pt::37.69893pt.
[26


]
l2hSize :tex2html_wrap_inline220:7.75pt::0.0pt::6.68742pt.
[27


]
l2hSize :displaymath109:17.5pt::0.0pt::349.0pt.
[28


]
l2hSize :tex2html_wrap_inline222:10.01027pt::10.01027pt::49.2228pt.
[29


]
Overfull \hbox (9.70038pt too wide) detected at line 336
[]
 []

l2hSize :displaymath114:44.49995pt::0.0pt::349.0pt.
[30


] (images.aux) ) 
Here is how much of TeX's memory you used:
 521 strings out of 10991
 6620 string characters out of 74034
 49132 words of memory out of 263001
 3434 multiletter control sequences out of 10000+0
 6376 words of font info for 23 fonts, out of 100000 for 500
 14 hyphenation exceptions out of 1000
 22i,13n,21p,182b,291s stack positions out of 300i,100n,500p,10000b,4000s

Output written on images.dvi (30 pages, 8812 bytes).
