This is pdfeTeX, Version 3.141592-1.21a-2.2 (Web2C 7.5.4) (format=latex 2005.7.1)  18 APR 2006 14:56
entering extended mode
**./images.tex
(./images.tex
LaTeX2e <2003/12/01>
Babel <v3.8d> and hyphenation patterns for american, french, german, ngerman, b
ahasa, basque, bulgarian, catalan, croatian, czech, danish, dutch, esperanto, e
stonian, finnish, greek, icelandic, irish, italian, latin, magyar, norsk, polis
h, portuges, romanian, russian, serbian, slovak, slovene, spanish, swedish, tur
kish, ukrainian, nohyphenation, loaded.

(/opt/csw/share/texmf-dist/tex/latex/base/article.cls
Document Class: article 2004/02/16 v1.4f Standard LaTeX document class
(/opt/csw/share/texmf-dist/tex/latex/base/size12.clo
File: size12.clo 2004/02/16 v1.4f Standard LaTeX file (size option)
)
\c@part=\count79
\c@section=\count80
\c@subsection=\count81
\c@subsubsection=\count82
\c@paragraph=\count83
\c@subparagraph=\count84
\c@figure=\count85
\c@table=\count86
\abovecaptionskip=\skip41
\belowcaptionskip=\skip42
\bibindent=\dimen102
) (/opt/csw/share/texmf-dist/tex/latex/base/ifthen.sty
Package: ifthen 2001/05/26 v1.1c Standard LaTeX ifthen package (DPC)
) (/opt/csw/share/texmf-dist/tex/latex/preprint/fullpage.sty
Package: fullpage 1999/02/23 1.1 (PWD)
\FP@margin=\skip43
) (/opt/csw/share/texmf-dist/tex/latex/graphics/color.sty
Package: color 1999/02/16 v1.0i Standard LaTeX Color (DPC)
(/opt/csw/share/texmf-dist/tex/latex/graphics/color.cfg
File: color.cfg 2005/02/03 v1.3 color configuration of teTeX/TeXLive
)
Package color Info: Driver file: dvips.def on input line 125.
(/opt/csw/share/texmf-dist/tex/latex/graphics/dvips.def
File: dvips.def 1999/02/16 v3.0i Driver-dependant file (DPC,SPQR)
) (/opt/csw/share/texmf-dist/tex/latex/graphics/dvipsnam.def
File: dvipsnam.def 1999/02/16 v3.0i Driver-dependant file (DPC,SPQR)
)) (/opt/csw/share/texmf-dist/tex/latex/base/inputenc.sty
Package: inputenc 2004/02/05 v1.0d Input encoding file
)
\sizebox=\box26
\lthtmlwrite=\write3
(./images.aux)
\openout1 = `images.aux'.

LaTeX Font Info:    Checking defaults for OML/cmm/m/it on input line 124.
LaTeX Font Info:    ... okay on input line 124.
LaTeX Font Info:    Checking defaults for T1/cmr/m/n on input line 124.
LaTeX Font Info:    ... okay on input line 124.
LaTeX Font Info:    Checking defaults for OT1/cmr/m/n on input line 124.
LaTeX Font Info:    ... okay on input line 124.
LaTeX Font Info:    Checking defaults for OMS/cmsy/m/n on input line 124.
LaTeX Font Info:    ... okay on input line 124.
LaTeX Font Info:    Checking defaults for OMX/cmex/m/n on input line 124.
LaTeX Font Info:    ... okay on input line 124.
LaTeX Font Info:    Checking defaults for U/cmr/m/n on input line 124.
LaTeX Font Info:    ... okay on input line 124.

latex2htmlLength hsize=349.0pt

latex2htmlLength vsize=650.43001pt

latex2htmlLength hoffset=0.0pt

latex2htmlLength voffset=0.0pt

latex2htmlLength topmargin=0.0pt

latex2htmlLength topskip=0.00003pt

latex2htmlLength headheight=0.0pt

latex2htmlLength headsep=0.0pt

latex2htmlLength parskip=0.0pt plus 1.0pt

latex2htmlLength oddsidemargin=0.0pt

latex2htmlLength evensidemargin=0.0pt

LaTeX Font Info:    External font `cmex10' loaded for size
(Font)              <12> on input line 148.
LaTeX Font Info:    External font `cmex10' loaded for size
(Font)              <8> on input line 148.
LaTeX Font Info:    External font `cmex10' loaded for size
(Font)              <6> on input line 148.
l2hSize :tex2html_wrap_inline32:8.2pt::0.0pt::11.44577pt.
[1



]
l2hSize :tex2html_wrap_inline34:9.5pt::9.5pt::81.45703pt.
[2


]
l2hSize :tex2html_wrap_inline36:8.2pt::0.0pt::9.72632pt.
[3


]
l2hSize :tex2html_wrap_inline38:9.5pt::9.5pt::115.39201pt.
[4


]
l2hSize :tex2html_wrap_inline40:9.5pt::9.5pt::55.96275pt.
[5


]
l2hSize :tex2html_wrap_inline42:8.25pt::8.25pt::26.51083pt.
[6


]
l2hSize :tex2html_wrap_inline44:9.5pt::9.5pt::34.61914pt.
[7


]
l2hSize :tex2html_wrap_inline48:8.2pt::0.0pt::17.41301pt.
[8


]
l2hSize :tex2html_wrap_inline50:9.5pt::9.5pt::106.42702pt.
[9


]
l2hSize :tex2html_wrap_inline52:9.5pt::9.5pt::102.57758pt.
[10


]
l2hSize :tex2html_wrap_inline54:8.7pt::8.7pt::38.75662pt.
[11


]
l2hSize :displaymath19:31.3999pt::0.0pt::349.0pt.
[12


]
l2hSize :tex2html_wrap_inline56:8.25pt::8.25pt::27.00401pt.
[13


]
l2hSize :tex2html_wrap_inline58:8.2pt::0.0pt::11.28258pt.
[14


]
l2hSize :tex2html_wrap_inline60:8.25pt::8.25pt::29.28175pt.
[15


]
l2hSize :tex2html_wrap_inline64:9.5pt::9.5pt::80.37506pt.
[16


]
l2hSize :tex2html_wrap_inline68:9.82137pt::0.0pt::49.01775pt.
[17


]
l2hSize :tex2html_wrap_inline70:9.5pt::9.5pt::42.28862pt.
[18


]
l2hSize :tex2html_wrap_inline76:9.5pt::9.5pt::42.39471pt.
[19


]
l2hSize :tex2html_wrap_inline78:7.75pt::0.0pt::6.75551pt.
[20


]
l2hSize :tex2html_wrap_inline80:9.5pt::9.5pt::184.71161pt.
[21


] (./images.aux) ) 
Here is how much of TeX's memory you used:
 632 strings out of 94501
 8310 string characters out of 1161794
 50289 words of memory out of 1000000
 3855 multiletter control sequences out of 10000+50000
 6376 words of font info for 23 fonts, out of 500000 for 2000
 580 hyphenation exceptions out of 1000
 22i,5n,19p,162b,147s stack positions out of 1500i,500n,5000p,200000b,5000s

Output written on images.dvi (21 pages, 4984 bytes).
