This is pdfeTeX, Version 3.141592-1.21a-2.2 (Web2C 7.5.4) (format=latex 2005.7.1)  11 NOV 2005 17:54
entering extended mode
**./images.tex
(./images.tex
LaTeX2e <2003/12/01>
Babel <v3.8d> and hyphenation patterns for american, french, german, ngerman, b
ahasa, basque, bulgarian, catalan, croatian, czech, danish, dutch, esperanto, e
stonian, finnish, greek, icelandic, irish, italian, latin, magyar, norsk, polis
h, portuges, romanian, russian, serbian, slovak, slovene, spanish, swedish, tur
kish, ukrainian, nohyphenation, loaded.

(/opt/csw/share/texmf-dist/tex/latex/base/article.cls
Document Class: article 2004/02/16 v1.4f Standard LaTeX document class
(/opt/csw/share/texmf-dist/tex/latex/base/size12.clo
File: size12.clo 2004/02/16 v1.4f Standard LaTeX file (size option)
)
\c@part=\count79
\c@section=\count80
\c@subsection=\count81
\c@subsubsection=\count82
\c@paragraph=\count83
\c@subparagraph=\count84
\c@figure=\count85
\c@table=\count86
\abovecaptionskip=\skip41
\belowcaptionskip=\skip42
\bibindent=\dimen102
) (/opt/csw/share/texmf-dist/tex/latex/base/ifthen.sty
Package: ifthen 2001/05/26 v1.1c Standard LaTeX ifthen package (DPC)
) (/opt/csw/share/texmf-dist/tex/latex/graphics/color.sty
Package: color 1999/02/16 v1.0i Standard LaTeX Color (DPC)
(/opt/csw/share/texmf-dist/tex/latex/graphics/color.cfg
File: color.cfg 2005/02/03 v1.3 color configuration of teTeX/TeXLive
)
Package color Info: Driver file: dvips.def on input line 125.
(/opt/csw/share/texmf-dist/tex/latex/graphics/dvips.def
File: dvips.def 1999/02/16 v3.0i Driver-dependant file (DPC,SPQR)
) (/opt/csw/share/texmf-dist/tex/latex/graphics/dvipsnam.def
File: dvipsnam.def 1999/02/16 v3.0i Driver-dependant file (DPC,SPQR)
)) (/opt/csw/share/texmf-dist/tex/latex/base/inputenc.sty
Package: inputenc 2004/02/05 v1.0d Input encoding file
)
\sizebox=\box26
\lthtmlwrite=\write3
(./images.aux)
\openout1 = `images.aux'.

LaTeX Font Info:    Checking defaults for OML/cmm/m/it on input line 128.
LaTeX Font Info:    ... okay on input line 128.
LaTeX Font Info:    Checking defaults for T1/cmr/m/n on input line 128.
LaTeX Font Info:    ... okay on input line 128.
LaTeX Font Info:    Checking defaults for OT1/cmr/m/n on input line 128.
LaTeX Font Info:    ... okay on input line 128.
LaTeX Font Info:    Checking defaults for OMS/cmsy/m/n on input line 128.
LaTeX Font Info:    ... okay on input line 128.
LaTeX Font Info:    Checking defaults for OMX/cmex/m/n on input line 128.
LaTeX Font Info:    ... okay on input line 128.
LaTeX Font Info:    Checking defaults for U/cmr/m/n on input line 128.
LaTeX Font Info:    ... okay on input line 128.

latex2htmlLength hsize=349.0pt

latex2htmlLength vsize=687.43pt

latex2htmlLength hoffset=0.0pt

latex2htmlLength voffset=0.0pt

latex2htmlLength topmargin=0.0pt

latex2htmlLength topskip=0.00003pt

latex2htmlLength headheight=0.0pt

latex2htmlLength headsep=0.0pt

latex2htmlLength parskip=0.0pt plus 1.0pt

latex2htmlLength oddsidemargin=-36.135pt

latex2htmlLength evensidemargin=-36.135pt

LaTeX Font Info:    External font `cmex10' loaded for size
(Font)              <12> on input line 152.
LaTeX Font Info:    External font `cmex10' loaded for size
(Font)              <8> on input line 152.
LaTeX Font Info:    External font `cmex10' loaded for size
(Font)              <6> on input line 152.
l2hSize :tex2html_wrap_inline111:8.83331pt::8.83331pt::60.97572pt.
[1



]
l2hSize :tex2html_wrap_inline113:8.33331pt::0.0pt::7.10136pt.
[2


]
l2hSize :tex2html_wrap_inline115:8.33331pt::0.0pt::28.78166pt.
[3


]
l2hSize :tex2html_wrap_inline117:8.33331pt::0.0pt::28.78166pt.
[4


]
l2hSize :tex2html_wrap_inline119:9.5pt::9.5pt::56.96776pt.
[5


]
l2hSize :tex2html_wrap_inline121:7.75pt::0.0pt::6.69856pt.
[6


]
l2hSize :tex2html_wrap_inline123:8.25pt::8.25pt::13.91272pt.
[7


]
l2hSize :tex2html_wrap_inline125:8.7pt::8.7pt::35.25395pt.
[8


]
l2hSize :tex2html_wrap_inline127:8.50006pt::8.50006pt::43.63052pt.
[9


]
l2hSize :tex2html_wrap_inline129:8.25pt::8.25pt::12.19054pt.
[10


]
l2hSize :tex2html_wrap_inline131:8.7pt::8.7pt::30.82616pt.
[11


]
Overfull \hbox (29.25052pt too wide) detected at line 224
[]
 []

l2hSize :displaymath16:44.49995pt::0.0pt::349.0pt.
[12


]
l2hSize :tex2html_wrap_inline133:8.2pt::0.0pt::9.85577pt.
[13


]
l2hSize :tex2html_wrap_inline135:9.5pt::9.5pt::66.0064pt.
[14


]
l2hSize :tex2html_wrap_inline139:8.25pt::8.25pt::35.4171pt.
[15


]
l2hSize :tex2html_wrap_inline141:8.25pt::8.25pt::35.4171pt.
[16


]
l2hSize :tex2html_wrap_inline143:8.25pt::8.25pt::35.4171pt.
[17


]
l2hSize :tex2html_wrap_inline145:9.5pt::9.5pt::42.31912pt.
[18


]
l2hSize :displaymath25:74.6999pt::0.0pt::349.0pt.
[19


]
l2hSize :tex2html_wrap_inline159:8.25pt::8.25pt::10.87227pt.
[20


]
l2hSize :tex2html_wrap_inline161:8.25pt::8.25pt::10.87227pt.
[21


]
l2hSize :tex2html_wrap_inline163:8.25pt::8.25pt::10.87227pt.
[22


]
l2hSize :tex2html_wrap_inline167:8.25pt::8.25pt::85.68776pt.
[23


]
l2hSize :tex2html_wrap_inline173:8.2pt::0.0pt::13.20828pt.
[24


]
l2hSize :displaymath38:44.49995pt::0.0pt::349.0pt.
[25


]
l2hSize :picture51:250.0pt::0.0pt::349.0pt.
[26


]
l2hSize :tex2html_wrap_inline181:9.5pt::9.5pt::25.05746pt.
[27


]
l2hSize :tex2html_wrap_inline183:9.5pt::9.5pt::42.4936pt.
[28


]
l2hSize :tex2html_wrap_inline185:9.5pt::9.5pt::25.80269pt.
[29


]
Overfull \hbox (53.51329pt too wide) detected at line 367
[]
 []

l2hSize :displaymath67:58.99994pt::0.0pt::349.0pt.
[30


]
l2hSize :displaymath74:73.49992pt::0.0pt::349.0pt.
[31


]
l2hSize :tex2html_wrap_inline187:9.5pt::9.5pt::71.49994pt.
[32


]
l2hSize :tex2html_wrap_inline189:9.5pt::9.5pt::58.03839pt.
[33


]
l2hSize :tex2html_wrap_inline191:9.5pt::9.5pt::18.93181pt.
[34


]
l2hSize :tex2html_wrap_inline193:9.5pt::9.5pt::19.80846pt.
[35


]
l2hSize :tex2html_wrap_inline195:7.75pt::0.0pt::7.26456pt.
[36


]
l2hSize :tex2html_wrap_inline203:8.25pt::8.25pt::6.74718pt.
[37


]
l2hSize :tex2html_wrap_inline207:9.5pt::9.5pt::134.2828pt.
[38


]
l2hSize :tex2html_wrap_inline209:9.5pt::9.5pt::85.65222pt.
[39


]
l2hSize :tex2html_wrap_inline211:8.25pt::8.25pt::57.83131pt.
[40


]
l2hSize :tex2html_wrap_inline213:7.96431pt::0.0pt::6.58052pt.
[41


]
l2hSize :tex2html_wrap_inline215:8.46431pt::8.46431pt::19.51074pt.
[42


]
l2hSize :tex2html_wrap_inline217:7.75pt::0.0pt::11.20686pt.
[43


]
l2hSize :tex2html_wrap_inline219:7.75pt::0.0pt::11.20686pt.
[44


]
l2hSize :tex2html_wrap_inline221:7.96431pt::0.0pt::7.26456pt.
[45


]
Overfull \hbox (71.23409pt too wide) detected at line 478
[]
 []

l2hSize :displaymath92:58.99994pt::0.0pt::349.0pt.
[46


]
l2hSize :tex2html_wrap_inline225:9.5pt::9.5pt::36.45804pt.
[47


] (./images.aux) ) 
Here is how much of TeX's memory you used:
 611 strings out of 94501
 7963 string characters out of 1161794
 53385 words of memory out of 1000000
 3838 multiletter control sequences out of 10000+50000
 6376 words of font info for 23 fonts, out of 500000 for 2000
 580 hyphenation exceptions out of 1000
 22i,8n,19p,162b,188s stack positions out of 1500i,500n,5000p,200000b,5000s

Output written on images.dvi (47 pages, 13380 bytes).
