This is TeX, Version 3.14159 (Web2c 7.1) (format=latex 98.1.13)  27 OCT 1999 12:54
**./images.tex
(./images.tex
LaTeX2e <1997/06/01>

(/campus/text/tex/3.14159/common/texmf/tex/latex/base/latex209.def
File: latex209.def 1996/05/21 v0.51 Standard LaTeX file
Entering LaTeX 2.09 compatibility mode.
\footheight=\dimen102
\@maxsep=\dimen103
\@dblmaxsep=\dimen104
\@cla=\count79
\@clb=\count80
\mscount=\count81
(/campus/text/tex/3.14159/common/texmf/tex/latex/base/tracefnt.sty
Package: tracefnt 1997/05/29 v3.0j Standard LaTeX package (font tracing)
\tracingfonts=\count82
LaTeX Info: Redefining \selectfont on input line 139.
)
\symbold=\mathgroup4
\symsans=\mathgroup5
\symtypewriter=\mathgroup6
\symitalic=\mathgroup7
\symsmallcaps=\mathgroup8
\symslanted=\mathgroup9
LaTeX Font Info:    Redeclaring math alphabet \mathbf on input line 306.
LaTeX Font Info:    Redeclaring math alphabet \mathsf on input line 307.
LaTeX Font Info:    Redeclaring math alphabet \mathtt on input line 308.
LaTeX Font Info:    Redeclaring math alphabet \mathit on input line 314.
LaTeX Info: Redefining \em on input line 324.
(/campus/text/tex/3.14159/common/texmf/tex/latex/base/latexsym.sty
Package: latexsym 1996/11/20 v2.2d Standard LaTeX package (lasy symbols)
\symlasy=\mathgroup10
LaTeX Font Info:    Overwriting symbol font `lasy' in version `bold'
(Font)                  U/lasy/m/n --> U/lasy/b/n on input line 85.
)
LaTeX Font Info:    Redeclaring math delimiter \lgroup on input line 388.
LaTeX Font Info:    Redeclaring math delimiter \rgroup on input line 390.
LaTeX Font Info:    Redeclaring math delimiter \bracevert on input line 392.
) (/campus/text/tex/3.14159/common/texmf/tex/latex/base/article.cls
Document Class: article 1997/06/16 v1.3v Standard LaTeX document class
(/campus/text/tex/3.14159/common/texmf/tex/latex/base/size12.clo
File: size12.clo 1997/06/16 v1.3v Standard LaTeX file (size option)
)
\c@part=\count83
\c@section=\count84
\c@subsection=\count85
\c@subsubsection=\count86
\c@paragraph=\count87
\c@subparagraph=\count88
\c@figure=\count89
\c@table=\count90
\abovecaptionskip=\skip41
\belowcaptionskip=\skip42
Compatibility mode: definition of \rm ignored.
Compatibility mode: definition of \sf ignored.
Compatibility mode: definition of \tt ignored.
Compatibility mode: definition of \bf ignored.
Compatibility mode: definition of \it ignored.
Compatibility mode: definition of \sl ignored.
Compatibility mode: definition of \sc ignored.
LaTeX Info: Redefining \cal on input line 542.
LaTeX Info: Redefining \mit on input line 543.
\bibindent=\dimen105
)
\sizebox=\box26
\lthtmlwrite=\write3
(images.aux)
\openout1 = `images.aux'.

LaTeX Font Info:    Checking defaults for OML/cmm/m/it on input line 87.
LaTeX Font Info:    ... okay on input line 87.
LaTeX Font Info:    Checking defaults for T1/cmr/m/n on input line 87.
LaTeX Font Info:    ... okay on input line 87.
LaTeX Font Info:    Checking defaults for OT1/cmr/m/n on input line 87.
LaTeX Font Info:    ... okay on input line 87.
LaTeX Font Info:    Checking defaults for OMS/cmsy/m/n on input line 87.
LaTeX Font Info:    ... okay on input line 87.
LaTeX Font Info:    Checking defaults for OMX/cmex/m/n on input line 87.
LaTeX Font Info:    ... okay on input line 87.
LaTeX Font Info:    Checking defaults for U/cmr/m/n on input line 87.
LaTeX Font Info:    ... okay on input line 87.
latex2htmlLength hsize=349.0pt
latex2htmlLength vsize=686.56499pt
latex2htmlLength hoffset=0.0pt
latex2htmlLength voffset=0.0pt
latex2htmlLength topmargin=0.0pt
latex2htmlLength topskip=0.00003pt
latex2htmlLength headheight=0.0pt
latex2htmlLength headsep=0.0pt
latex2htmlLength parskip=0.0pt plus 1.0pt
latex2htmlLength oddsidemargin=-21.68121pt
latex2htmlLength evensidemargin=-21.68121pt
LaTeX Font Info:    External font `cmex10' loaded for size
(Font)              <12> on input line 108.
LaTeX Font Info:    External font `cmex10' loaded for size
(Font)              <8> on input line 108.
LaTeX Font Info:    External font `cmex10' loaded for size
(Font)              <6> on input line 108.
LaTeX Font Info:    Try loading font information for U+lasy on input line 108.
(/campus/text/tex/3.14159/common/texmf/tex/latex/base/ulasy.fd
File: ulasy.fd 1996/11/20 v2.2dLaTeX symbol font definitions
)
l2hSize :displaymath17:44.49995pt::0.0pt::349.0pt.
[1


]
l2hSize :tex2html_wrap_inline113:9.5pt::9.5pt::73.77975pt.
[2


]
l2hSize :tex2html_wrap_inline123:8.83333pt::8.83333pt::38.0393pt.
[3


]
l2hSize :tex2html_wrap_inline125:8.25pt::8.25pt::28.56229pt.
[4


]
l2hSize :tex2html_wrap_inline127:8.77783pt::8.77783pt::58.57245pt.
[5


]
l2hSize :displaymath28:29.80682pt::0.0pt::349.0pt.
[6


]
l2hSize :displaymath32:22.45535pt::0.0pt::349.0pt.
[7


]
l2hSize :tex2html_wrap_inline135:8.25pt::8.25pt::50.54599pt.
[8


]
l2hSize :tex2html_wrap_inline137:8.33333pt::0.0pt::14.32416pt.
[9


]
l2hSize :displaymath40:29.99997pt::0.0pt::349.0pt.
[10


]
l2hSize :tex2html_wrap_inline155:8.83331pt::8.83331pt::97.51115pt.
[11


]
l2hSize :tex2html_wrap_inline157:8.83331pt::8.83331pt::33.28445pt.
[12


]
l2hSize :tex2html_wrap_inline159:8.83331pt::8.83331pt::39.01367pt.
[13


]
l2hSize :tex2html_wrap_inline161:8.83331pt::8.83331pt::11.60416pt.
[14


]
l2hSize :tex2html_wrap_inline163:11.93661pt::11.93661pt::51.66365pt.
[15


]
l2hSize :tex2html_wrap_inline165:8.33331pt::0.0pt::6.8541pt.
[16


]
l2hSize :tex2html_wrap_inline169:8.33331pt::0.0pt::44.82176pt.
[17


]
l2hSize :tex2html_wrap_inline191:8.25pt::8.25pt::11.81944pt.
[18


]
l2hSize :tex2html_wrap_inline193:8.25pt::8.25pt::12.72685pt.
[19


]
l2hSize :tex2html_wrap_inline197:8.25pt::8.25pt::32.45947pt.
[20


]
l2hSize :tex2html_wrap_inline199:8.25pt::8.25pt::33.36688pt.
[21


]
l2hSize :tex2html_wrap_inline201:9.5pt::9.5pt::21.05185pt.
[22


]
l2hSize :tex2html_wrap_inline203:8.33333pt::0.0pt::40.82457pt.
[23


]
l2hSize :tex2html_wrap_inline205:8.33331pt::0.0pt::6.11104pt.
[24


]
l2hSize :tex2html_wrap_inline207:9.5pt::9.5pt::25.94489pt.
[25


]
l2hSize :tex2html_wrap_inline221:8.83333pt::8.83333pt::35.66777pt.
[26


]
l2hSize :tex2html_wrap_inline223:8.25pt::8.25pt::6.74744pt.
[27


]
l2hSize :displaymath65:33.58685pt::0.0pt::349.0pt.
[28


]
l2hSize :tex2html_wrap_inline233:10.32137pt::10.32137pt::67.85875pt.
[29


]
l2hSize :tex2html_wrap_inline235:8.83333pt::8.83333pt::58.66072pt.
[30


]
l2hSize :tex2html_wrap_inline239:7.75pt::0.0pt::6.67703pt.
[31


]
l2hSize :tex2html_wrap_inline243:8.83333pt::8.83333pt::15.7779pt.
[32


]
l2hSize :tex2html_wrap_inline245:8.25pt::8.25pt::28.5519pt.
[33


]
l2hSize :tex2html_wrap_inline247:9.5pt::9.5pt::48.09702pt.
[34


]
l2hSize :tex2html_wrap_inline249:10.32137pt::10.32137pt::67.8753pt.
[35


]
l2hSize :tex2html_wrap_inline251:9.5pt::9.5pt::120.99722pt.
[36


]
l2hSize :tex2html_wrap_inline253:8.33333pt::0.0pt::66.48346pt.
[37


]
l2hSize :tex2html_wrap_inline255:10.32137pt::10.32137pt::185.71646pt.
[38


]
l2hSize :tex2html_wrap_inline261:9.5pt::9.5pt::46.73425pt.
[39


]
l2hSize :tex2html_wrap_inline265:9.5pt::9.5pt::46.92882pt.
[40


]
l2hSize :tex2html_wrap_inline267:10.32137pt::10.32137pt::60.04054pt.
[41


]
l2hSize :tex2html_wrap_inline277:9.5pt::9.5pt::306.08049pt.
[42


]
l2hSize :tex2html_wrap_inline281:8.83331pt::8.83331pt::17.07289pt.
[43


] (images.aux) ) 
Here is how much of TeX's memory you used:
 381 strings out of 10991
 4120 string characters out of 74034
 46076 words of memory out of 263001
 3281 multiletter control sequences out of 10000+0
 12041 words of font info for 44 fonts, out of 100000 for 500
 14 hyphenation exceptions out of 1000
 24i,7n,21p,172b,215s stack positions out of 300i,100n,500p,10000b,4000s

Output written on images.dvi (43 pages, 7408 bytes).
