This is TeX, Version 3.14159 (Web2c 7.1) (format=latex 98.1.13)  4 APR 2000 10:07
**./images.tex
(./images.tex
LaTeX2e <1997/06/01>

(/campus/text/tex/3.14159/common/texmf/tex/latex/base/latex209.def
File: latex209.def 1996/05/21 v0.51 Standard LaTeX file
Entering LaTeX 2.09 compatibility mode.
\footheight=\dimen102
\@maxsep=\dimen103
\@dblmaxsep=\dimen104
\@cla=\count79
\@clb=\count80
\mscount=\count81
(/campus/text/tex/3.14159/common/texmf/tex/latex/base/tracefnt.sty
Package: tracefnt 1997/05/29 v3.0j Standard LaTeX package (font tracing)
\tracingfonts=\count82
LaTeX Info: Redefining \selectfont on input line 139.
)
\symbold=\mathgroup4
\symsans=\mathgroup5
\symtypewriter=\mathgroup6
\symitalic=\mathgroup7
\symsmallcaps=\mathgroup8
\symslanted=\mathgroup9
LaTeX Font Info:    Redeclaring math alphabet \mathbf on input line 306.
LaTeX Font Info:    Redeclaring math alphabet \mathsf on input line 307.
LaTeX Font Info:    Redeclaring math alphabet \mathtt on input line 308.
LaTeX Font Info:    Redeclaring math alphabet \mathit on input line 314.
LaTeX Info: Redefining \em on input line 324.
(/campus/text/tex/3.14159/common/texmf/tex/latex/base/latexsym.sty
Package: latexsym 1996/11/20 v2.2d Standard LaTeX package (lasy symbols)
\symlasy=\mathgroup10
LaTeX Font Info:    Overwriting symbol font `lasy' in version `bold'
(Font)                  U/lasy/m/n --> U/lasy/b/n on input line 85.
)
LaTeX Font Info:    Redeclaring math delimiter \lgroup on input line 388.
LaTeX Font Info:    Redeclaring math delimiter \rgroup on input line 390.
LaTeX Font Info:    Redeclaring math delimiter \bracevert on input line 392.
) (/campus/text/tex/3.14159/common/texmf/tex/latex/base/article.cls
Document Class: article 1997/06/16 v1.3v Standard LaTeX document class
(/campus/text/tex/3.14159/common/texmf/tex/latex/base/size12.clo
File: size12.clo 1997/06/16 v1.3v Standard LaTeX file (size option)
)
\c@part=\count83
\c@section=\count84
\c@subsection=\count85
\c@subsubsection=\count86
\c@paragraph=\count87
\c@subparagraph=\count88
\c@figure=\count89
\c@table=\count90
\abovecaptionskip=\skip41
\belowcaptionskip=\skip42
Compatibility mode: definition of \rm ignored.
Compatibility mode: definition of \sf ignored.
Compatibility mode: definition of \tt ignored.
Compatibility mode: definition of \bf ignored.
Compatibility mode: definition of \it ignored.
Compatibility mode: definition of \sl ignored.
Compatibility mode: definition of \sc ignored.
LaTeX Info: Redefining \cal on input line 542.
LaTeX Info: Redefining \mit on input line 543.
\bibindent=\dimen105
)
\sizebox=\box26
\lthtmlwrite=\write3
(images.aux)
\openout1 = `images.aux'.

LaTeX Font Info:    Checking defaults for OML/cmm/m/it on input line 90.
LaTeX Font Info:    ... okay on input line 90.
LaTeX Font Info:    Checking defaults for T1/cmr/m/n on input line 90.
LaTeX Font Info:    ... okay on input line 90.
LaTeX Font Info:    Checking defaults for OT1/cmr/m/n on input line 90.
LaTeX Font Info:    ... okay on input line 90.
LaTeX Font Info:    Checking defaults for OMS/cmsy/m/n on input line 90.
LaTeX Font Info:    ... okay on input line 90.
LaTeX Font Info:    Checking defaults for OMX/cmex/m/n on input line 90.
LaTeX Font Info:    ... okay on input line 90.
LaTeX Font Info:    Checking defaults for U/cmr/m/n on input line 90.
LaTeX Font Info:    ... okay on input line 90.
latex2htmlLength hsize=349.0pt
latex2htmlLength vsize=722.7pt
latex2htmlLength hoffset=0.0pt
latex2htmlLength voffset=0.0pt
latex2htmlLength topmargin=0.0pt
latex2htmlLength topskip=0.00003pt
latex2htmlLength headheight=0.0pt
latex2htmlLength headsep=0.0pt
latex2htmlLength parskip=0.0pt plus 1.0pt
latex2htmlLength oddsidemargin=-36.135pt
latex2htmlLength evensidemargin=-36.135pt
LaTeX Font Info:    External font `cmex10' loaded for size
(Font)              <12> on input line 111.
LaTeX Font Info:    External font `cmex10' loaded for size
(Font)              <8> on input line 111.
LaTeX Font Info:    External font `cmex10' loaded for size
(Font)              <6> on input line 111.
LaTeX Font Info:    Try loading font information for U+lasy on input line 111.
(/campus/text/tex/3.14159/common/texmf/tex/latex/base/ulasy.fd
File: ulasy.fd 1996/11/20 v2.2dLaTeX symbol font definitions
)
l2hSize :tex2html_wrap_inline58:10.32137pt::10.32137pt::166.2508pt.
[1


]
l2hSize :tex2html_wrap_inline60:9.5pt::9.5pt::87.9623pt.
[2


]
l2hSize :tex2html_wrap_inline68:8.83331pt::8.83331pt::54.7369pt.
[3


]
l2hSize :tex2html_wrap_inline72:10.32137pt::10.32137pt::75.56181pt.
[4


]
l2hSize :tex2html_wrap_inline76:10.32137pt::10.32137pt::132.26355pt.
[5


]
l2hSize :tex2html_wrap_inline78:9.81107pt::0.0pt::44.1169pt.
[6


]
l2hSize :tex2html_wrap_inline86:8.7pt::8.7pt::14.44032pt.
[7


]
l2hSize :tex2html_wrap_inline88:9.81107pt::0.0pt::8.80824pt.
[8


]
l2hSize :displaymath17:17.5pt::0.0pt::349.0pt.
[9


]
l2hSize :tex2html_wrap_inline94:8.25pt::8.25pt::28.74968pt.
[10


]
l2hSize :tex2html_wrap_inline96:9.82137pt::0.0pt::60.1044pt.
[11


]
Overfull \hbox (7.73917pt too wide) detected at line 187
[]
 []

l2hSize :displaymath26:44.49995pt::0.0pt::349.0pt.
[12


]
l2hSize :tex2html_wrap_inline116:11.99995pt::11.99995pt::54.71751pt.
[13


]
l2hSize :tex2html_wrap_inline118:8.83331pt::8.83331pt::46.0315pt.
[14


]
l2hSize :tex2html_wrap_inline122:11.99995pt::11.99995pt::59.38976pt.
[15


]
Overfull \hbox (10.88092pt too wide) detected at line 220
[]
 []

l2hSize :displaymath36:92.04993pt::0.0pt::349.0pt.
[16


]
l2hSize :tex2html_wrap_inline132:8.25pt::8.25pt::28.5519pt.
[17


]
l2hSize :tex2html_wrap_inline140:10.32137pt::10.32137pt::43.47202pt.
[18


] (images.aux) ) 
Here is how much of TeX's memory you used:
 379 strings out of 10991
 4108 string characters out of 74034
 49076 words of memory out of 263001
 3279 multiletter control sequences out of 10000+0
 12041 words of font info for 44 fonts, out of 100000 for 500
 14 hyphenation exceptions out of 1000
 24i,7n,21p,199b,217s stack positions out of 300i,100n,500p,10000b,4000s

Output written on images.dvi (18 pages, 4056 bytes).
