This is pdfeTeX, Version 3.141592-1.21a-2.2 (Web2C 7.5.4) (format=latex 2007.9.26)  14 APR 2008 15:34
entering extended mode
**./images.tex
(./images.tex
LaTeX2e <2003/12/01>
Babel <v3.8d> and hyphenation patterns for american, french, german, ngerman, b
ahasa, basque, bulgarian, catalan, croatian, czech, danish, dutch, esperanto, e
stonian, finnish, greek, icelandic, irish, italian, latin, magyar, norsk, polis
h, portuges, romanian, russian, serbian, slovak, slovene, spanish, swedish, tur
kish, ukrainian, nohyphenation, loaded.

(/sw/share/texmf-dist/tex/latex/base/article.cls
Document Class: article 2004/02/16 v1.4f Standard LaTeX document class
(/sw/share/texmf-dist/tex/latex/base/size11.clo
File: size11.clo 2004/02/16 v1.4f Standard LaTeX file (size option)
)
\c@part=\count79
\c@section=\count80
\c@subsection=\count81
\c@subsubsection=\count82
\c@paragraph=\count83
\c@subparagraph=\count84
\c@figure=\count85
\c@table=\count86
\abovecaptionskip=\skip41
\belowcaptionskip=\skip42
\bibindent=\dimen102
) (/sw/share/texmf-dist/tex/latex/base/ifthen.sty
Package: ifthen 2001/05/26 v1.1c Standard LaTeX ifthen package (DPC)
) (/sw/share/texmf-dist/tex/latex/preprint/fullpage.sty
Package: fullpage 1999/02/23 1.1 (PWD)
\FP@margin=\skip43
) (/sw/share/texmf-dist/tex/latex/hyperref/hyperref.sty
Package: hyperref 2003/11/30 v6.74m Hypertext links for LaTeX
(/sw/share/texmf-dist/tex/latex/graphics/keyval.sty
Package: keyval 1999/03/16 v1.13 key=value parser (DPC)
\KV@toks@=\toks14
)
\@linkdim=\dimen103
\Hy@linkcounter=\count87
\Hy@pagecounter=\count88
(/sw/share/texmf-dist/tex/latex/hyperref/pd1enc.def
File: pd1enc.def 2003/11/30 v6.74m Hyperref: PDFDocEncoding definition (HO)
) (/sw/share/texmf-dist/tex/latex/hyperref/hyperref.cfg
File: hyperref.cfg 2002/06/06 v1.2 hyperref configuration of TeXLive and teTeX
)
Package hyperref Info: Hyper figures OFF on input line 1880.
Package hyperref Info: Link nesting OFF on input line 1885.
Package hyperref Info: Hyper index ON on input line 1888.
Package hyperref Info: Plain pages ON on input line 1893.
Package hyperref Info: Backreferencing OFF on input line 1900.
Implicit mode ON; LaTeX internals redefined
Package hyperref Info: Bookmarks ON on input line 2004.
(/sw/share/texmf-local/tex/latex/html/url.sty
Package: url 1999/03/02  ver 1.4  Verb mode for urls, email addresses, and file
 names
)
LaTeX Info: Redefining \url on input line 2143.
\Fld@menulength=\count89
\Field@Width=\dimen104
\Fld@charsize=\dimen105
\Choice@toks=\toks15
\Field@toks=\toks16
Package hyperref Info: Hyper figures OFF on input line 2618.
Package hyperref Info: Link nesting OFF on input line 2623.
Package hyperref Info: Hyper index ON on input line 2626.
Package hyperref Info: backreferencing OFF on input line 2633.
Package hyperref Info: Link coloring OFF on input line 2638.
\c@Item=\count90
\c@Hfootnote=\count91
)
*hyperref using default driver hdvips*
(/sw/share/texmf-dist/tex/latex/hyperref/hdvips.def
File: hdvips.def 2003/11/30 v6.74m Hyperref driver for dvips
(/sw/share/texmf-dist/tex/latex/hyperref/pdfmark.def
File: pdfmark.def 2003/11/30 v6.74m Hyperref definitions for pdfmark specials
\pdf@docset=\toks17
\pdf@box=\box26
\pdf@toks=\toks18
\pdf@defaulttoks=\toks19
\Fld@listcount=\count92
\@outlinefile=\write3
)) (/sw/share/texmf-dist/tex/latex/graphics/color.sty
Package: color 1999/02/16 v1.0i Standard LaTeX Color (DPC)
(/sw/share/texmf-dist/tex/latex/graphics/color.cfg
File: color.cfg 2005/02/03 v1.3 color configuration of teTeX/TeXLive
)
Package color Info: Driver file: dvips.def on input line 125.
(/sw/share/texmf-dist/tex/latex/graphics/dvips.def
File: dvips.def 1999/02/16 v3.0i Driver-dependant file (DPC,SPQR)
) (/sw/share/texmf-dist/tex/latex/graphics/dvipsnam.def
File: dvipsnam.def 1999/02/16 v3.0i Driver-dependant file (DPC,SPQR)
)) (/sw/share/texmf-dist/tex/latex/base/inputenc.sty
Package: inputenc 2004/02/05 v1.0d Input encoding file
)
\sizebox=\box27
\lthtmlwrite=\write4
(./images.aux)
\openout1 = `images.aux'.

LaTeX Font Info:    Checking defaults for OML/cmm/m/it on input line 125.
LaTeX Font Info:    ... okay on input line 125.
LaTeX Font Info:    Checking defaults for T1/cmr/m/n on input line 125.
LaTeX Font Info:    ... okay on input line 125.
LaTeX Font Info:    Checking defaults for OT1/cmr/m/n on input line 125.
LaTeX Font Info:    ... okay on input line 125.
LaTeX Font Info:    Checking defaults for OMS/cmsy/m/n on input line 125.
LaTeX Font Info:    ... okay on input line 125.
LaTeX Font Info:    Checking defaults for OMX/cmex/m/n on input line 125.
LaTeX Font Info:    ... okay on input line 125.
LaTeX Font Info:    Checking defaults for U/cmr/m/n on input line 125.
LaTeX Font Info:    ... okay on input line 125.
LaTeX Font Info:    Checking defaults for PD1/pdf/m/n on input line 125.
LaTeX Font Info:    ... okay on input line 125.
Package hyperref Info: Link coloring OFF on input line 125.
(/sw/share/texmf-dist/tex/latex/hyperref/nameref.sty
Package: nameref 2003/12/03 v2.21 Cross-referencing by name of section
\c@section@level=\count93
)
LaTeX Info: Redefining \ref on input line 125.
LaTeX Info: Redefining \pageref on input line 125.
\openout3 = `images.out'.


latex2htmlLength hsize=349.0pt

latex2htmlLength vsize=650.43001pt

latex2htmlLength hoffset=0.0pt

latex2htmlLength voffset=0.0pt

latex2htmlLength topmargin=0.0pt

latex2htmlLength topskip=0.00003pt

latex2htmlLength headheight=0.0pt

latex2htmlLength headsep=0.0pt

latex2htmlLength parskip=0.0pt plus 1.0pt

latex2htmlLength oddsidemargin=0.0pt

latex2htmlLength evensidemargin=0.0pt

LaTeX Font Info:    External font `cmex10' loaded for size
(Font)              <10.95> on input line 149.
LaTeX Font Info:    External font `cmex10' loaded for size
(Font)              <8> on input line 149.
LaTeX Font Info:    External font `cmex10' loaded for size
(Font)              <6> on input line 149.
l2hSize :tex2html_wrap_inline68:8.7125pt::8.7125pt::63.32501pt.
[1



]
l2hSize :displaymath16:43.0004pt::0.0pt::349.0pt.
[2


]
l2hSize :tex2html_wrap_inline70:8.10416pt::8.10416pt::29.6988pt.
[3


]
l2hSize :tex2html_wrap_inline72:7.48248pt::0.0pt::7.89314pt.
[4


]
l2hSize :tex2html_wrap_inline74:7.48248pt::0.0pt::10.47856pt.
[5


]
l2hSize :tex2html_wrap_inline76:7.48248pt::0.0pt::8.76004pt.
[6


]
l2hSize :tex2html_wrap_inline78:7.57185pt::7.57185pt::30.11761pt.
[7


]
l2hSize :tex2html_wrap_inline80:7.07185pt::0.0pt::10.16177pt.
[8


]
l2hSize :tex2html_wrap_inline82:9.94032pt::9.94032pt::56.89276pt.
[9


]
l2hSize :tex2html_wrap_inline84:7.48248pt::0.0pt::10.63065pt.
[10


]
l2hSize :tex2html_wrap_inline86:8.7125pt::8.7125pt::75.34584pt.
[11


]
l2hSize :tex2html_wrap_inline88:7.48248pt::0.0pt::9.06422pt.
[12


]
l2hSize :tex2html_wrap_inline90:8.7125pt::8.7125pt::107.0515pt.
[13


]
l2hSize :tex2html_wrap_inline92:8.7125pt::8.7125pt::51.86798pt.
[14


]
l2hSize :tex2html_wrap_inline94:7.57185pt::7.57185pt::24.57663pt.
[15


]
l2hSize :tex2html_wrap_inline96:8.7125pt::8.7125pt::32.22652pt.
[16


]
l2hSize :tex2html_wrap_inline100:9.94032pt::9.94032pt::117.17982pt.
[17


]
l2hSize :tex2html_wrap_inline102:8.10416pt::8.10416pt::5.84193pt.
[18


]
l2hSize :tex2html_wrap_inline104:7.07185pt::0.0pt::6.80576pt.
[19


]
l2hSize :tex2html_wrap_inline106:7.07185pt::0.0pt::7.1201pt.
[20


]
Overfull \hbox (28.65875pt too wide) detected at line 291
\OML/cmm/m/it/10.95 C \OT1/cmr/m/n/10.95 := [] \OML/cmm/m/it/10.95 ;  A[] \OT1/
cmr/m/n/10.95 := [] \OML/cmm/m/it/10.95 ;  A[] \OT1/cmr/m/n/10.95 := [] \OML/cm
m/m/it/10.95 ;  b \OT1/cmr/m/n/10.95 := []
 []

l2hSize :displaymath31:43.0004pt::0.0pt::349.0pt.
[21


]
Overfull \hbox (75.07686pt too wide) detected at line 304
[]
 []

l2hSize :displaymath45:42.00645pt::0.0pt::349.0pt.
[22


]
l2hSize :tex2html_wrap_inline108:8.7125pt::8.7125pt::17.61511pt.
[23


]
l2hSize :tex2html_wrap_inline110:8.7125pt::8.7125pt::18.43408pt.
[24


]
l2hSize :tex2html_wrap_inline114:7.98248pt::7.98248pt::37.63718pt.
[25


]
l2hSize :tex2html_wrap_inline116:7.98248pt::7.98248pt::52.74236pt.
[26


]
l2hSize :tex2html_wrap_inline118:8.7125pt::8.7125pt::40.26207pt.
[27


]
l2hSize :tex2html_wrap_inline122:8.7125pt::8.7125pt::39.38322pt.
[28


]
l2hSize :tex2html_wrap_inline124:7.07185pt::0.0pt::6.33559pt.
[29


] (./images.aux) ) 
Here is how much of TeX's memory you used:
 2281 strings out of 94501
 31705 string characters out of 1176137
 83718 words of memory out of 1000000
 5482 multiletter control sequences out of 10000+50000
 6379 words of font info for 23 fonts, out of 500000 for 2000
 580 hyphenation exceptions out of 1000
 25i,8n,21p,162b,245s stack positions out of 1500i,500n,5000p,200000b,5000s

Output written on images.dvi (29 pages, 21100 bytes).
