This is pdfeTeX, Version 3.141592-1.21a-2.2 (Web2C 7.5.4) (format=latex 2007.9.26)  19 SEP 2008 09:27
entering extended mode
**./images.tex
(./images.tex
LaTeX2e <2003/12/01>
Babel <v3.8d> and hyphenation patterns for american, french, german, ngerman, b
ahasa, basque, bulgarian, catalan, croatian, czech, danish, dutch, esperanto, e
stonian, finnish, greek, icelandic, irish, italian, latin, magyar, norsk, polis
h, portuges, romanian, russian, serbian, slovak, slovene, spanish, swedish, tur
kish, ukrainian, nohyphenation, loaded.

(/sw/share/texmf-dist/tex/latex/base/article.cls
Document Class: article 2004/02/16 v1.4f Standard LaTeX document class
(/sw/share/texmf-dist/tex/latex/base/size11.clo
File: size11.clo 2004/02/16 v1.4f Standard LaTeX file (size option)
)
\c@part=\count79
\c@section=\count80
\c@subsection=\count81
\c@subsubsection=\count82
\c@paragraph=\count83
\c@subparagraph=\count84
\c@figure=\count85
\c@table=\count86
\abovecaptionskip=\skip41
\belowcaptionskip=\skip42
\bibindent=\dimen102
) (/sw/share/texmf-dist/tex/latex/base/ifthen.sty
Package: ifthen 2001/05/26 v1.1c Standard LaTeX ifthen package (DPC)
) (/sw/share/texmf-dist/tex/latex/graphics/color.sty
Package: color 1999/02/16 v1.0i Standard LaTeX Color (DPC)
(/sw/share/texmf-dist/tex/latex/graphics/color.cfg
File: color.cfg 2005/02/03 v1.3 color configuration of teTeX/TeXLive
)
Package color Info: Driver file: dvips.def on input line 125.
(/sw/share/texmf-dist/tex/latex/graphics/dvips.def
File: dvips.def 1999/02/16 v3.0i Driver-dependant file (DPC,SPQR)
) (/sw/share/texmf-dist/tex/latex/graphics/dvipsnam.def
File: dvipsnam.def 1999/02/16 v3.0i Driver-dependant file (DPC,SPQR)
)) (/sw/share/texmf-dist/tex/latex/base/inputenc.sty
Package: inputenc 2004/02/05 v1.0d Input encoding file
)
\sizebox=\box26
\lthtmlwrite=\write3
(./images.aux)
\openout1 = `images.aux'.

LaTeX Font Info:    Checking defaults for OML/cmm/m/it on input line 128.
LaTeX Font Info:    ... okay on input line 128.
LaTeX Font Info:    Checking defaults for T1/cmr/m/n on input line 128.
LaTeX Font Info:    ... okay on input line 128.
LaTeX Font Info:    Checking defaults for OT1/cmr/m/n on input line 128.
LaTeX Font Info:    ... okay on input line 128.
LaTeX Font Info:    Checking defaults for OMS/cmsy/m/n on input line 128.
LaTeX Font Info:    ... okay on input line 128.
LaTeX Font Info:    Checking defaults for OMX/cmex/m/n on input line 128.
LaTeX Font Info:    ... okay on input line 128.
LaTeX Font Info:    Checking defaults for U/cmr/m/n on input line 128.
LaTeX Font Info:    ... okay on input line 128.

latex2htmlLength hsize=349.0pt

latex2htmlLength vsize=687.43pt

latex2htmlLength hoffset=0.0pt

latex2htmlLength voffset=0.0pt

latex2htmlLength topmargin=0.0pt

latex2htmlLength topskip=0.00003pt

latex2htmlLength headheight=0.0pt

latex2htmlLength headsep=0.0pt

latex2htmlLength parskip=0.0pt plus 1.0pt

latex2htmlLength oddsidemargin=-36.135pt

latex2htmlLength evensidemargin=-36.135pt

LaTeX Font Info:    External font `cmex10' loaded for size
(Font)              <10.95> on input line 152.
LaTeX Font Info:    External font `cmex10' loaded for size
(Font)              <8> on input line 152.
LaTeX Font Info:    External font `cmex10' loaded for size
(Font)              <6> on input line 152.
l2hSize :displaymath15:41.79997pt::0.0pt::349.0pt.
[1



]
l2hSize :tex2html_wrap_inline70:7.57185pt::7.57185pt::10.66617pt.
[2


]
l2hSize :tex2html_wrap_inline72:7.57185pt::7.57185pt::10.66617pt.
[3


]
l2hSize :tex2html_wrap_inline74:8.7125pt::8.7125pt::36.60146pt.
[4


]
l2hSize :tex2html_wrap_inline76:8.7125pt::8.7125pt::36.60146pt.
[5


]
l2hSize :tex2html_wrap_inline78:8.7125pt::8.7125pt::36.60146pt.
[6


]
l2hSize :tex2html_wrap_inline80:8.7125pt::8.7125pt::36.60146pt.
[7


]
l2hSize :displaymath31:56.59995pt::0.0pt::349.0pt.
[8


]
l2hSize :displaymath38:56.59995pt::0.0pt::349.0pt.
[9


]
l2hSize :tex2html_wrap_inline82:7.57185pt::7.57185pt::11.55582pt.
[10


]
l2hSize :displaymath49:43.0004pt::0.0pt::349.0pt.
[11


]
l2hSize :tex2html_wrap_inline84:7.07185pt::0.0pt::6.33559pt.
[12


]
l2hSize :tex2html_wrap_inline86:7.60416pt::0.0pt::5.2469pt.
[13


]
l2hSize :tex2html_wrap_inline88:7.07185pt::0.0pt::5.28621pt.
[14


]
l2hSize :displaymath56:123.39992pt::0.0pt::349.0pt.
[15


]
l2hSize :tex2html_wrap_inline96:7.57185pt::7.57185pt::11.55582pt.
[16


] (./images.aux) ) 
Here is how much of TeX's memory you used:
 611 strings out of 94501
 7856 string characters out of 1176137
 56381 words of memory out of 1000000
 3841 multiletter control sequences out of 10000+50000
 6379 words of font info for 23 fonts, out of 500000 for 2000
 580 hyphenation exceptions out of 1000
 21i,8n,19p,162b,180s stack positions out of 1500i,500n,5000p,200000b,5000s

Output written on images.dvi (16 pages, 5484 bytes).
