This is pdfeTeX, Version 3.141592-1.21a-2.2 (Web2C 7.5.4) (format=latex 2005.7.1)  7 FEB 2006 15:11
entering extended mode
**./images.tex
(./images.tex
LaTeX2e <2003/12/01>
Babel <v3.8d> and hyphenation patterns for american, french, german, ngerman, b
ahasa, basque, bulgarian, catalan, croatian, czech, danish, dutch, esperanto, e
stonian, finnish, greek, icelandic, irish, italian, latin, magyar, norsk, polis
h, portuges, romanian, russian, serbian, slovak, slovene, spanish, swedish, tur
kish, ukrainian, nohyphenation, loaded.

(/opt/csw/share/texmf-dist/tex/latex/base/article.cls
Document Class: article 2004/02/16 v1.4f Standard LaTeX document class
(/opt/csw/share/texmf-dist/tex/latex/base/size12.clo
File: size12.clo 2004/02/16 v1.4f Standard LaTeX file (size option)
)
\c@part=\count79
\c@section=\count80
\c@subsection=\count81
\c@subsubsection=\count82
\c@paragraph=\count83
\c@subparagraph=\count84
\c@figure=\count85
\c@table=\count86
\abovecaptionskip=\skip41
\belowcaptionskip=\skip42
\bibindent=\dimen102
) (/opt/csw/share/texmf-dist/tex/latex/base/ifthen.sty
Package: ifthen 2001/05/26 v1.1c Standard LaTeX ifthen package (DPC)
) (/opt/csw/share/texmf-dist/tex/latex/graphics/color.sty
Package: color 1999/02/16 v1.0i Standard LaTeX Color (DPC)
(/opt/csw/share/texmf-dist/tex/latex/graphics/color.cfg
File: color.cfg 2005/02/03 v1.3 color configuration of teTeX/TeXLive
)
Package color Info: Driver file: dvips.def on input line 125.
(/opt/csw/share/texmf-dist/tex/latex/graphics/dvips.def
File: dvips.def 1999/02/16 v3.0i Driver-dependant file (DPC,SPQR)
) (/opt/csw/share/texmf-dist/tex/latex/graphics/dvipsnam.def
File: dvipsnam.def 1999/02/16 v3.0i Driver-dependant file (DPC,SPQR)
)) (/opt/csw/share/texmf-dist/tex/latex/base/inputenc.sty
Package: inputenc 2004/02/05 v1.0d Input encoding file
)
\sizebox=\box26
\lthtmlwrite=\write3
(./images.aux)
\openout1 = `images.aux'.

LaTeX Font Info:    Checking defaults for OML/cmm/m/it on input line 129.
LaTeX Font Info:    ... okay on input line 129.
LaTeX Font Info:    Checking defaults for T1/cmr/m/n on input line 129.
LaTeX Font Info:    ... okay on input line 129.
LaTeX Font Info:    Checking defaults for OT1/cmr/m/n on input line 129.
LaTeX Font Info:    ... okay on input line 129.
LaTeX Font Info:    Checking defaults for OMS/cmsy/m/n on input line 129.
LaTeX Font Info:    ... okay on input line 129.
LaTeX Font Info:    Checking defaults for OMX/cmex/m/n on input line 129.
LaTeX Font Info:    ... okay on input line 129.
LaTeX Font Info:    Checking defaults for U/cmr/m/n on input line 129.
LaTeX Font Info:    ... okay on input line 129.

latex2htmlLength hsize=349.0pt

latex2htmlLength vsize=722.7pt

latex2htmlLength hoffset=0.0pt

latex2htmlLength voffset=0.0pt

latex2htmlLength topmargin=0.0pt

latex2htmlLength topskip=0.00003pt

latex2htmlLength headheight=0.0pt

latex2htmlLength headsep=0.0pt

latex2htmlLength parskip=0.0pt plus 1.0pt

latex2htmlLength oddsidemargin=-36.135pt

latex2htmlLength evensidemargin=-36.135pt

LaTeX Font Info:    External font `cmex10' loaded for size
(Font)              <12> on input line 153.
LaTeX Font Info:    External font `cmex10' loaded for size
(Font)              <8> on input line 153.
LaTeX Font Info:    External font `cmex10' loaded for size
(Font)              <6> on input line 153.
l2hSize :tex2html_wrap_inline44:10.68889pt::10.68889pt::317.85182pt.
[1



]
l2hSize :tex2html_wrap_inline46:8.2pt::0.0pt::10.11938pt.
[2


]
l2hSize :tex2html_wrap_inline48:8.2pt::0.0pt::9.85576pt.
[3


]
l2hSize :tex2html_wrap_inline50:10.68889pt::10.68889pt::270.9741pt.
[4


]
l2hSize :displaymath16:73.49992pt::0.0pt::349.0pt.
[5


]
l2hSize :tex2html_wrap_inline52:10.32137pt::10.32137pt::86.65688pt.
[6


]
l2hSize :tex2html_wrap_inline56:8.2pt::0.0pt::43.15265pt.
[7


]
l2hSize :tex2html_wrap_inline58:8.2pt::0.0pt::8.5819pt.
[8


]
l2hSize :tex2html_wrap_inline60:8.2pt::0.0pt::9.82106pt.
[9


]
l2hSize :displaymath23:73.49992pt::0.0pt::349.0pt.
[10


]
l2hSize :displaymath31:29.99997pt::0.0pt::349.0pt.
[11


]
l2hSize :tex2html_wrap_inline62:8.25pt::8.25pt::10.14946pt.
[12


]
l2hSize :tex2html_wrap_inline64:7.86708pt::0.0pt::4.59593pt.
[13


]
l2hSize :tex2html_wrap_inline66:8.2pt::0.0pt::9.39577pt.
[14


] (./images.aux) ) 
Here is how much of TeX's memory you used:
 613 strings out of 94501
 7972 string characters out of 1161794
 53226 words of memory out of 1000000
 3840 multiletter control sequences out of 10000+50000
 6376 words of font info for 23 fonts, out of 500000 for 2000
 580 hyphenation exceptions out of 1000
 22i,7n,19p,162b,155s stack positions out of 1500i,500n,5000p,200000b,5000s

Output written on images.dvi (14 pages, 4688 bytes).
